# JRE version: OpenJDK Runtime Environment Temurin-17.0.5+8 (17.0.5+8) (build 17.0.5+8)
# Java VM: OpenJDK 64-Bit Server VM Temurin-17.0.5+8 (17.0.5+8, mixed mode, emulated-client, tiered, compressed oops, compressed class ptrs, g1 gc, windows-amd64)
GC Precious Log:
 CPUs: 4 total, 4 available
 Memory: 3718M
 Large Page Support: Disabled
 NUMA Support: Disabled
 Compressed Oops: Enabled (32-bit)
 Heap Region Size: 1M
 Heap Min Capacity: 8M
 Heap Initial Capacity: 60M
 Heap Max Capacity: 1G
 Pre-touch: Disabled
 Parallel Workers: 4
 Concurrent Workers: 1
 Concurrent Refinement Workers: 4
 Periodic GC: Disabled
Heap:
 garbage-first heap   total 248832K, used 100364K [0x00000000c0000000, 0x0000000100000000)
  region size 1024K, 10 young (10240K), 10 survivors (10240K)
 Metaspace       used 35538K, committed 35968K, reserved 1081344K
  class space    used 4599K, committed 4800K, reserved 1048576K
GC Heap History (20 events):
Event: 13.239 GC heap after
{Heap after GC invocations=23 (full 0):
 garbage-first heap   total 156672K, used 51632K [0x00000000c0000000, 0x0000000100000000)
  region size 1024K, 3 young (3072K), 3 survivors (3072K)
 Metaspace       used 35373K, committed 35840K, reserved 1081344K
  class space    used 4575K, committed 4800K, reserved 1048576K
}
Event: 13.889 GC heap before
{Heap before GC invocations=23 (full 0):
 garbage-first heap   total 156672K, used 108976K [0x00000000c0000000, 0x0000000100000000)
  region size 1024K, 58 young (59392K), 3 survivors (3072K)
 Metaspace       used 35456K, committed 35904K, reserved 1081344K
  class space    used 4589K, committed 4800K, reserved 1048576K
}
Event: 13.946 GC heap after
{Heap after GC invocations=24 (full 0):
 garbage-first heap   total 156672K, used 67000K [0x00000000c0000000, 0x0000000100000000)
  region size 1024K, 8 young (8192K), 8 survivors (8192K)
 Metaspace       used 35456K, committed 35904K, reserved 1081344K
  class space    used 4589K, committed 4800K, reserved 1048576K
}
Event: 14.059 GC heap before
{Heap before GC invocations=24 (full 0):
 garbage-first heap   total 156672K, used 106936K [0x00000000c0000000, 0x0000000100000000)
  region size 1024K, 48 young (49152K), 8 survivors (8192K)
 Metaspace       used 35533K, committed 35968K, reserved 1081344K
  class space    used 4599K, committed 4800K, reserved 1048576K
}
Event: 14.075 GC heap after
{Heap after GC invocations=25 (full 0):
 garbage-first heap   total 156672K, used 70203K [0x00000000c0000000, 0x0000000100000000)
  region size 1024K, 3 young (3072K), 3 survivors (3072K)
 Metaspace       used 35533K, committed 35968K, reserved 1081344K
  class space    used 4599K, committed 4800K, reserved 1048576K
}
Event: 14.135 GC heap before
{Heap before GC invocations=25 (full 0):
 garbage-first heap   total 156672K, used 110139K [0x00000000c0000000, 0x0000000100000000)
  region size 1024K, 43 young (44032K), 3 survivors (3072K)
 Metaspace       used 35538K, committed 35968K, reserved 1081344K
  class space    used 4599K, committed 4800K, reserved 1048576K
}
Event: 14.141 GC heap after
{Heap after GC invocations=26 (full 0):
 garbage-first heap   total 156672K, used 71008K [0x00000000c0000000, 0x0000000100000000)
  region size 1024K, 4 young (4096K), 4 survivors (4096K)
 Metaspace       used 35538K, committed 35968K, reserved 1081344K
  class space    used 4599K, committed 4800K, reserved 1048576K
}
Event: 14.273 GC heap before
{Heap before GC invocations=26 (full 0):
 garbage-first heap   total 156672K, used 114016K [0x00000000c0000000, 0x0000000100000000)
  region size 1024K, 47 young (48128K), 4 survivors (4096K)
 Metaspace       used 35538K, committed 35968K, reserved 1081344K
  class space    used 4599K, committed 4800K, reserved 1048576K
}
Event: 14.281 GC heap after
{Heap after GC invocations=27 (full 0):
 garbage-first heap   total 248832K, used 72906K [0x00000000c0000000, 0x0000000100000000)
  region size 1024K, 4 young (4096K), 4 survivors (4096K)
 Metaspace       used 35538K, committed 35968K, reserved 1081344K
  class space    used 4599K, committed 4800K, reserved 1048576K
}
Event: 15.001 GC heap before
{Heap before GC invocations=27 (full 0):
 garbage-first heap   total 248832K, used 164042K [0x00000000c0000000, 0x0000000100000000)
  region size 1024K, 94 young (96256K), 4 survivors (4096K)
 Metaspace       used 35538K, committed 35968K, reserved 1081344K
  class space    used 4599K, committed 4800K, reserved 1048576K
}
Event: 15.029 GC heap after
{Heap after GC invocations=28 (full 0):
 garbage-first heap   total 248832K, used 77174K [0x00000000c0000000, 0x0000000100000000)
  region size 1024K, 8 young (8192K), 8 survivors (8192K)
 Metaspace       used 35538K, committed 35968K, reserved 1081344K
  class space    used 4599K, committed 4800K, reserved 1048576K
}
Event: 15.762 GC heap before
{Heap before GC invocations=28 (full 0):
 garbage-first heap   total 248832K, used 189814K [0x00000000c0000000, 0x0000000100000000)
  region size 1024K, 119 young (121856K), 8 survivors (8192K)
 Metaspace       used 35538K, committed 35968K, reserved 1081344K
  class space    used 4599K, committed 4800K, reserved 1048576K
}
Event: 15.788 GC heap after
{Heap after GC invocations=29 (full 0):
 garbage-first heap   total 248832K, used 81498K [0x00000000c0000000, 0x0000000100000000)
  region size 1024K, 12 young (12288K), 12 survivors (12288K)
 Metaspace       used 35538K, committed 35968K, reserved 1081344K
  class space    used 4599K, committed 4800K, reserved 1048576K
}
Event: 16.201 GC heap before
{Heap before GC invocations=29 (full 0):
 garbage-first heap   total 248832K, used 195162K [0x00000000c0000000, 0x0000000100000000)
  region size 1024K, 124 young (126976K), 12 survivors (12288K)
 Metaspace       used 35538K, committed 35968K, reserved 1081344K
  class space    used 4599K, committed 4800K, reserved 1048576K
}
Event: 16.325 GC heap after
{Heap after GC invocations=30 (full 0):
 garbage-first heap   total 248832K, used 85932K [0x00000000c0000000, 0x0000000100000000)
  region size 1024K, 13 young (13312K), 13 survivors (13312K)
 Metaspace       used 35538K, committed 35968K, reserved 1081344K
  class space    used 4599K, committed 4800K, reserved 1048576K
}
Event: 16.987 GC heap before
{Heap before GC invocations=30 (full 0):
 garbage-first heap   total 248832K, used 198572K [0x00000000c0000000, 0x0000000100000000)
  region size 1024K, 124 young (126976K), 13 survivors (13312K)
 Metaspace       used 35538K, committed 35968K, reserved 1081344K
  class space    used 4599K, committed 4800K, reserved 1048576K
}
Event: 17.068 GC heap after
{Heap after GC invocations=31 (full 0):
 garbage-first heap   total 248832K, used 90526K [0x00000000c0000000, 0x0000000100000000)
  region size 1024K, 10 young (10240K), 10 survivors (10240K)
 Metaspace       used 35538K, committed 35968K, reserved 1081344K
  class space    used 4599K, committed 4800K, reserved 1048576K
}
Event: 17.710 GC heap before
{Heap before GC invocations=31 (full 0):
 garbage-first heap   total 248832K, used 201118K [0x00000000c0000000, 0x0000000100000000)
  region size 1024K, 119 young (121856K), 10 survivors (10240K)
 Metaspace       used 35538K, committed 35968K, reserved 1081344K
  class space    used 4599K, committed 4800K, reserved 1048576K
}
Event: 17.746 GC heap after
{Heap after GC invocations=32 (full 0):
 garbage-first heap   total 248832K, used 95786K [0x00000000c0000000, 0x0000000100000000)
  region size 1024K, 10 young (10240K), 10 survivors (10240K)
 Metaspace       used 35538K, committed 35968K, reserved 1081344K
  class space    used 4599K, committed 4800K, reserved 1048576K
}
Event: 18.001 GC heap before
{Heap before GC invocations=32 (full 0):
 garbage-first heap   total 248832K, used 204330K [0x00000000c0000000, 0x0000000100000000)
  region size 1024K, 117 young (119808K), 10 survivors (10240K)
 Metaspace       used 35538K, committed 35968K, reserved 1081344K
  class space    used 4599K, committed 4800K, reserved 1048576K
}

