# JRE version: OpenJDK Runtime Environment Temurin-17.0.5+8 (17.0.5+8) (build 17.0.5+8)
# Java VM: OpenJDK 64-Bit Server VM Temurin-17.0.5+8 (17.0.5+8, mixed mode, emulated-client, tiered, compressed oops, compressed class ptrs, g1 gc, windows-amd64)
GC Precious Log:
 CPUs: 4 total, 4 available
 Memory: 3718M
 Large Page Support: Disabled
 NUMA Support: Disabled
 Compressed Oops: Enabled (32-bit)
 Heap Region Size: 1M
 Heap Min Capacity: 8M
 Heap Initial Capacity: 60M
 Heap Max Capacity: 1G
 Pre-touch: Disabled
 Parallel Workers: 4
 Concurrent Workers: 1
 Concurrent Refinement Workers: 4
 Periodic GC: Disabled
Heap:
 garbage-first heap   total 130048K, used 37925K [0x00000000c0000000, 0x0000000100000000)
  region size 1024K, 1 young (1024K), 0 survivors (0K)
 Metaspace       used 68226K, committed 68928K, reserved 1114112K
  class space    used 9214K, committed 9536K, reserved 1048576K
GC Heap History (20 events):
Event: 649.224 GC heap before
{Heap before GC invocations=93 (full 37):
 garbage-first heap   total 130048K, used 37908K [0x00000000c0000000, 0x0000000100000000)
  region size 1024K, 1 young (1024K), 0 survivors (0K)
 Metaspace       used 68199K, committed 68928K, reserved 1114112K
  class space    used 9205K, committed 9536K, reserved 1048576K
}
Event: 649.278 GC heap after
{Heap after GC invocations=94 (full 38):
 garbage-first heap   total 130048K, used 37908K [0x00000000c0000000, 0x0000000100000000)
  region size 1024K, 0 young (0K), 0 survivors (0K)
 Metaspace       used 68199K, committed 68928K, reserved 1114112K
  class space    used 9205K, committed 9536K, reserved 1048576K
}
Event: 701.365 GC heap before
{Heap before GC invocations=94 (full 38):
 garbage-first heap   total 130048K, used 38932K [0x00000000c0000000, 0x0000000100000000)
  region size 1024K, 2 young (2048K), 0 survivors (0K)
 Metaspace       used 68233K, committed 68928K, reserved 1114112K
  class space    used 9216K, committed 9536K, reserved 1048576K
}
Event: 701.541 GC heap after
{Heap after GC invocations=95 (full 39):
 garbage-first heap   total 130048K, used 38239K [0x00000000c0000000, 0x0000000100000000)
  region size 1024K, 0 young (0K), 0 survivors (0K)
 Metaspace       used 68233K, committed 68928K, reserved 1114112K
  class space    used 9216K, committed 9536K, reserved 1048576K
}
Event: 711.755 GC heap before
{Heap before GC invocations=95 (full 39):
 garbage-first heap   total 130048K, used 38239K [0x00000000c0000000, 0x0000000100000000)
  region size 1024K, 1 young (1024K), 0 survivors (0K)
 Metaspace       used 68233K, committed 68928K, reserved 1114112K
  class space    used 9216K, committed 9536K, reserved 1048576K
}
Event: 711.850 GC heap after
{Heap after GC invocations=96 (full 40):
 garbage-first heap   total 130048K, used 38238K [0x00000000c0000000, 0x0000000100000000)
  region size 1024K, 0 young (0K), 0 survivors (0K)
 Metaspace       used 68233K, committed 68928K, reserved 1114112K
  class space    used 9216K, committed 9536K, reserved 1048576K
}
Event: 722.216 GC heap before
{Heap before GC invocations=96 (full 40):
 garbage-first heap   total 130048K, used 38238K [0x00000000c0000000, 0x0000000100000000)
  region size 1024K, 1 young (1024K), 0 survivors (0K)
 Metaspace       used 68233K, committed 68928K, reserved 1114112K
  class space    used 9216K, committed 9536K, reserved 1048576K
}
Event: 722.275 GC heap after
{Heap after GC invocations=97 (full 41):
 garbage-first heap   total 130048K, used 38238K [0x00000000c0000000, 0x0000000100000000)
  region size 1024K, 0 young (0K), 0 survivors (0K)
 Metaspace       used 68233K, committed 68928K, reserved 1114112K
  class space    used 9216K, committed 9536K, reserved 1048576K
}
Event: 732.584 GC heap before
{Heap before GC invocations=97 (full 41):
 garbage-first heap   total 130048K, used 38238K [0x00000000c0000000, 0x0000000100000000)
  region size 1024K, 1 young (1024K), 0 survivors (0K)
 Metaspace       used 68233K, committed 68928K, reserved 1114112K
  class space    used 9216K, committed 9536K, reserved 1048576K
}
Event: 732.667 GC heap after
{Heap after GC invocations=98 (full 42):
 garbage-first heap   total 130048K, used 38238K [0x00000000c0000000, 0x0000000100000000)
  region size 1024K, 0 young (0K), 0 survivors (0K)
 Metaspace       used 68233K, committed 68928K, reserved 1114112K
  class space    used 9216K, committed 9536K, reserved 1048576K
}
Event: 743.095 GC heap before
{Heap before GC invocations=98 (full 42):
 garbage-first heap   total 130048K, used 38238K [0x00000000c0000000, 0x0000000100000000)
  region size 1024K, 1 young (1024K), 0 survivors (0K)
 Metaspace       used 68233K, committed 68928K, reserved 1114112K
  class space    used 9216K, committed 9536K, reserved 1048576K
}
Event: 743.171 GC heap after
{Heap after GC invocations=99 (full 43):
 garbage-first heap   total 130048K, used 38238K [0x00000000c0000000, 0x0000000100000000)
  region size 1024K, 0 young (0K), 0 survivors (0K)
 Metaspace       used 68233K, committed 68928K, reserved 1114112K
  class space    used 9216K, committed 9536K, reserved 1048576K
}
Event: 753.504 GC heap before
{Heap before GC invocations=99 (full 43):
 garbage-first heap   total 130048K, used 38238K [0x00000000c0000000, 0x0000000100000000)
  region size 1024K, 1 young (1024K), 0 survivors (0K)
 Metaspace       used 68233K, committed 68928K, reserved 1114112K
  class space    used 9216K, committed 9536K, reserved 1048576K
}
Event: 753.888 GC heap after
{Heap after GC invocations=100 (full 44):
 garbage-first heap   total 130048K, used 37925K [0x00000000c0000000, 0x0000000100000000)
  region size 1024K, 0 young (0K), 0 survivors (0K)
 Metaspace       used 68226K, committed 68928K, reserved 1114112K
  class space    used 9214K, committed 9536K, reserved 1048576K
}
Event: 764.172 GC heap before
{Heap before GC invocations=100 (full 44):
 garbage-first heap   total 130048K, used 37925K [0x00000000c0000000, 0x0000000100000000)
  region size 1024K, 1 young (1024K), 0 survivors (0K)
 Metaspace       used 68226K, committed 68928K, reserved 1114112K
  class space    used 9214K, committed 9536K, reserved 1048576K
}
Event: 764.228 GC heap after
{Heap after GC invocations=101 (full 45):
 garbage-first heap   total 130048K, used 37925K [0x00000000c0000000, 0x0000000100000000)
  region size 1024K, 0 young (0K), 0 survivors (0K)
 Metaspace       used 68226K, committed 68928K, reserved 1114112K
  class space    used 9214K, committed 9536K, reserved 1048576K
}
Event: 774.673 GC heap before
{Heap before GC invocations=101 (full 45):
 garbage-first heap   total 130048K, used 37925K [0x00000000c0000000, 0x0000000100000000)
  region size 1024K, 1 young (1024K), 0 survivors (0K)
 Metaspace       used 68226K, committed 68928K, reserved 1114112K
  class space    used 9214K, committed 9536K, reserved 1048576K
}
Event: 774.749 GC heap after
{Heap after GC invocations=102 (full 46):
 garbage-first heap   total 130048K, used 37925K [0x00000000c0000000, 0x0000000100000000)
  region size 1024K, 0 young (0K), 0 survivors (0K)
 Metaspace       used 68226K, committed 68928K, reserved 1114112K
  class space    used 9214K, committed 9536K, reserved 1048576K
}
Event: 794.591 GC heap before
{Heap before GC invocations=102 (full 46):
 garbage-first heap   total 130048K, used 37925K [0x00000000c0000000, 0x0000000100000000)
  region size 1024K, 1 young (1024K), 0 survivors (0K)
 Metaspace       used 68226K, committed 68928K, reserved 1114112K
  class space    used 9214K, committed 9536K, reserved 1048576K
}
Event: 794.757 GC heap after
{Heap after GC invocations=103 (full 47):
 garbage-first heap   total 130048K, used 37925K [0x00000000c0000000, 0x0000000100000000)
  region size 1024K, 0 young (0K), 0 survivors (0K)
 Metaspace       used 68226K, committed 68928K, reserved 1114112K
  class space    used 9214K, committed 9536K, reserved 1048576K
}

