# JRE version: OpenJDK Runtime Environment Temurin-17.0.5+8 (17.0.5+8) (build 17.0.5+8)
# Java VM: OpenJDK 64-Bit Server VM Temurin-17.0.5+8 (17.0.5+8, mixed mode, emulated-client, tiered, compressed oops, compressed class ptrs, g1 gc, windows-amd64)
GC Precious Log:
 CPUs: 4 total, 4 available
 Memory: 3718M
 Large Page Support: Disabled
 NUMA Support: Disabled
 Compressed Oops: Enabled (32-bit)
 Heap Region Size: 1M
 Heap Min Capacity: 8M
 Heap Initial Capacity: 60M
 Heap Max Capacity: 1G
 Pre-touch: Disabled
 Parallel Workers: 4
 Concurrent Workers: 1
 Concurrent Refinement Workers: 4
 Periodic GC: Disabled
Heap:
 garbage-first heap   total 238592K, used 92105K [0x00000000c0000000, 0x0000000100000000)
  region size 1024K, 9 young (9216K), 9 survivors (9216K)
 Metaspace       used 35538K, committed 35968K, reserved 1081344K
  class space    used 4600K, committed 4800K, reserved 1048576K
GC Heap History (20 events):
Event: 13.403 GC heap after
{Heap after GC invocations=20 (full 0):
 garbage-first heap   total 142336K, used 65009K [0x00000000c0000000, 0x0000000100000000)
  region size 1024K, 8 young (8192K), 8 survivors (8192K)
 Metaspace       used 35436K, committed 35904K, reserved 1081344K
  class space    used 4586K, committed 4800K, reserved 1048576K
}
Event: 13.500 GC heap before
{Heap before GC invocations=20 (full 0):
 garbage-first heap   total 142336K, used 97777K [0x00000000c0000000, 0x0000000100000000)
  region size 1024K, 41 young (41984K), 8 survivors (8192K)
 Metaspace       used 35538K, committed 35968K, reserved 1081344K
  class space    used 4599K, committed 4800K, reserved 1048576K
}
Event: 13.518 GC heap after
{Heap after GC invocations=21 (full 0):
 garbage-first heap   total 142336K, used 68746K [0x00000000c0000000, 0x0000000100000000)
  region size 1024K, 3 young (3072K), 3 survivors (3072K)
 Metaspace       used 35538K, committed 35968K, reserved 1081344K
  class space    used 4599K, committed 4800K, reserved 1048576K
}
Event: 13.565 GC heap before
{Heap before GC invocations=21 (full 0):
 garbage-first heap   total 142336K, used 101514K [0x00000000c0000000, 0x0000000100000000)
  region size 1024K, 36 young (36864K), 3 survivors (3072K)
 Metaspace       used 35538K, committed 35968K, reserved 1081344K
  class space    used 4599K, committed 4800K, reserved 1048576K
}
Event: 13.568 GC heap after
{Heap after GC invocations=22 (full 0):
 garbage-first heap   total 142336K, used 69031K [0x00000000c0000000, 0x0000000100000000)
  region size 1024K, 3 young (3072K), 3 survivors (3072K)
 Metaspace       used 35538K, committed 35968K, reserved 1081344K
  class space    used 4599K, committed 4800K, reserved 1048576K
}
Event: 13.644 GC heap before
{Heap before GC invocations=22 (full 0):
 garbage-first heap   total 142336K, used 104871K [0x00000000c0000000, 0x0000000100000000)
  region size 1024K, 39 young (39936K), 3 survivors (3072K)
 Metaspace       used 35538K, committed 35968K, reserved 1081344K
  class space    used 4599K, committed 4800K, reserved 1048576K
}
Event: 13.648 GC heap after
{Heap after GC invocations=23 (full 0):
 garbage-first heap   total 142336K, used 70656K [0x00000000c0000000, 0x0000000100000000)
  region size 1024K, 3 young (3072K), 3 survivors (3072K)
 Metaspace       used 35538K, committed 35968K, reserved 1081344K
  class space    used 4599K, committed 4800K, reserved 1048576K
}
Event: 13.704 GC heap before
{Heap before GC invocations=23 (full 0):
 garbage-first heap   total 142336K, used 108544K [0x00000000c0000000, 0x0000000100000000)
  region size 1024K, 41 young (41984K), 3 survivors (3072K)
 Metaspace       used 35538K, committed 35968K, reserved 1081344K
  class space    used 4599K, committed 4800K, reserved 1048576K
}
Event: 13.717 GC heap after
{Heap after GC invocations=24 (full 0):
 garbage-first heap   total 238592K, used 72095K [0x00000000c0000000, 0x0000000100000000)
  region size 1024K, 5 young (5120K), 5 survivors (5120K)
 Metaspace       used 35538K, committed 35968K, reserved 1081344K
  class space    used 4599K, committed 4800K, reserved 1048576K
}
Event: 14.399 GC heap before
{Heap before GC invocations=25 (full 0):
 garbage-first heap   total 238592K, used 159135K [0x00000000c0000000, 0x0000000100000000)
  region size 1024K, 92 young (94208K), 5 survivors (5120K)
 Metaspace       used 35538K, committed 35968K, reserved 1081344K
  class space    used 4599K, committed 4800K, reserved 1048576K
}
Event: 14.445 GC heap after
{Heap after GC invocations=26 (full 0):
 garbage-first heap   total 238592K, used 75522K [0x00000000c0000000, 0x0000000100000000)
  region size 1024K, 9 young (9216K), 9 survivors (9216K)
 Metaspace       used 35538K, committed 35968K, reserved 1081344K
  class space    used 4599K, committed 4800K, reserved 1048576K
}
Event: 14.462 GC heap before
{Heap before GC invocations=26 (full 0):
 garbage-first heap   total 238592K, used 76546K [0x00000000c0000000, 0x0000000100000000)
  region size 1024K, 11 young (11264K), 9 survivors (9216K)
 Metaspace       used 35538K, committed 35968K, reserved 1081344K
  class space    used 4599K, committed 4800K, reserved 1048576K
}
Event: 14.490 GC heap after
{Heap after GC invocations=27 (full 0):
 garbage-first heap   total 238592K, used 74768K [0x00000000c0000000, 0x0000000100000000)
  region size 1024K, 1 young (1024K), 1 survivors (1024K)
 Metaspace       used 35538K, committed 35968K, reserved 1081344K
  class space    used 4599K, committed 4800K, reserved 1048576K
}
Event: 14.970 GC heap before
{Heap before GC invocations=27 (full 0):
 garbage-first heap   total 238592K, used 183312K [0x00000000c0000000, 0x0000000100000000)
  region size 1024K, 108 young (110592K), 1 survivors (1024K)
 Metaspace       used 35538K, committed 35968K, reserved 1081344K
  class space    used 4599K, committed 4800K, reserved 1048576K
}
Event: 14.987 GC heap after
{Heap after GC invocations=28 (full 0):
 garbage-first heap   total 238592K, used 78639K [0x00000000c0000000, 0x0000000100000000)
  region size 1024K, 5 young (5120K), 5 survivors (5120K)
 Metaspace       used 35538K, committed 35968K, reserved 1081344K
  class space    used 4599K, committed 4800K, reserved 1048576K
}
Event: 15.268 GC heap before
{Heap before GC invocations=28 (full 0):
 garbage-first heap   total 238592K, used 187183K [0x00000000c0000000, 0x0000000100000000)
  region size 1024K, 112 young (114688K), 5 survivors (5120K)
 Metaspace       used 35538K, committed 35968K, reserved 1081344K
  class space    used 4600K, committed 4800K, reserved 1048576K
}
Event: 15.288 GC heap after
{Heap after GC invocations=29 (full 0):
 garbage-first heap   total 238592K, used 83143K [0x00000000c0000000, 0x0000000100000000)
  region size 1024K, 10 young (10240K), 10 survivors (10240K)
 Metaspace       used 35538K, committed 35968K, reserved 1081344K
  class space    used 4600K, committed 4800K, reserved 1048576K
}
Event: 15.507 GC heap before
{Heap before GC invocations=29 (full 0):
 garbage-first heap   total 238592K, used 189639K [0x00000000c0000000, 0x0000000100000000)
  region size 1024K, 115 young (117760K), 10 survivors (10240K)
 Metaspace       used 35538K, committed 35968K, reserved 1081344K
  class space    used 4600K, committed 4800K, reserved 1048576K
}
Event: 15.582 GC heap after
{Heap after GC invocations=30 (full 0):
 garbage-first heap   total 238592K, used 87695K [0x00000000c0000000, 0x0000000100000000)
  region size 1024K, 9 young (9216K), 9 survivors (9216K)
 Metaspace       used 35538K, committed 35968K, reserved 1081344K
  class space    used 4600K, committed 4800K, reserved 1048576K
}
Event: 15.774 GC heap before
{Heap before GC invocations=30 (full 0):
 garbage-first heap   total 238592K, used 194191K [0x00000000c0000000, 0x0000000100000000)
  region size 1024K, 114 young (116736K), 9 survivors (9216K)
 Metaspace       used 35538K, committed 35968K, reserved 1081344K
  class space    used 4600K, committed 4800K, reserved 1048576K
}

