# JRE version: OpenJDK Runtime Environment Temurin-17.0.5+8 (17.0.5+8) (build 17.0.5+8)
# Java VM: OpenJDK 64-Bit Server VM Temurin-17.0.5+8 (17.0.5+8, mixed mode, emulated-client, tiered, compressed oops, compressed class ptrs, g1 gc, windows-amd64)
GC Precious Log:
 CPUs: 4 total, 4 available
 Memory: 3718M
 Large Page Support: Disabled
 NUMA Support: Disabled
 Compressed Oops: Enabled (32-bit)
 Heap Region Size: 1M
 Heap Min Capacity: 8M
 Heap Initial Capacity: 60M
 Heap Max Capacity: 1G
 Pre-touch: Disabled
 Parallel Workers: 4
 Concurrent Workers: 1
 Concurrent Refinement Workers: 4
 Periodic GC: Disabled
Heap:
 garbage-first heap   total 301056K, used 138798K [0x00000000c0000000, 0x0000000100000000)
  region size 1024K, 8 young (8192K), 8 survivors (8192K)
 Metaspace       used 35550K, committed 35968K, reserved 1081344K
  class space    used 4600K, committed 4800K, reserved 1048576K
GC Heap History (20 events):
Event: 12.367 GC heap after
{Heap after GC invocations=28 (full 0):
 garbage-first heap   total 261120K, used 75496K [0x00000000c0000000, 0x0000000100000000)
  region size 1024K, 8 young (8192K), 8 survivors (8192K)
 Metaspace       used 35535K, committed 35968K, reserved 1081344K
  class space    used 4599K, committed 4800K, reserved 1048576K
}
Event: 12.552 GC heap before
{Heap before GC invocations=28 (full 0):
 garbage-first heap   total 261120K, used 197352K [0x00000000c0000000, 0x0000000100000000)
  region size 1024K, 128 young (131072K), 8 survivors (8192K)
 Metaspace       used 35535K, committed 35968K, reserved 1081344K
  class space    used 4599K, committed 4800K, reserved 1048576K
}
Event: 12.559 GC heap after
{Heap after GC invocations=29 (full 0):
 garbage-first heap   total 261120K, used 80270K [0x00000000c0000000, 0x0000000100000000)
  region size 1024K, 13 young (13312K), 13 survivors (13312K)
 Metaspace       used 35535K, committed 35968K, reserved 1081344K
  class space    used 4599K, committed 4800K, reserved 1048576K
}
Event: 12.867 GC heap before
{Heap before GC invocations=29 (full 0):
 garbage-first heap   total 261120K, used 203150K [0x00000000c0000000, 0x0000000100000000)
  region size 1024K, 134 young (137216K), 13 survivors (13312K)
 Metaspace       used 35536K, committed 35968K, reserved 1081344K
  class space    used 4599K, committed 4800K, reserved 1048576K
}
Event: 12.885 GC heap after
{Heap after GC invocations=30 (full 0):
 garbage-first heap   total 261120K, used 85307K [0x00000000c0000000, 0x0000000100000000)
  region size 1024K, 14 young (14336K), 14 survivors (14336K)
 Metaspace       used 35536K, committed 35968K, reserved 1081344K
  class space    used 4599K, committed 4800K, reserved 1048576K
}
Event: 13.297 GC heap before
{Heap before GC invocations=30 (full 0):
 garbage-first heap   total 261120K, used 206139K [0x00000000c0000000, 0x0000000100000000)
  region size 1024K, 133 young (136192K), 14 survivors (14336K)
 Metaspace       used 35536K, committed 35968K, reserved 1081344K
  class space    used 4599K, committed 4800K, reserved 1048576K
}
Event: 13.320 GC heap after
{Heap after GC invocations=31 (full 0):
 garbage-first heap   total 261120K, used 90346K [0x00000000c0000000, 0x0000000100000000)
  region size 1024K, 11 young (11264K), 11 survivors (11264K)
 Metaspace       used 35536K, committed 35968K, reserved 1081344K
  class space    used 4599K, committed 4800K, reserved 1048576K
}
Event: 13.759 GC heap before
{Heap before GC invocations=31 (full 0):
 garbage-first heap   total 261120K, used 211178K [0x00000000c0000000, 0x0000000100000000)
  region size 1024K, 130 young (133120K), 11 survivors (11264K)
 Metaspace       used 35536K, committed 35968K, reserved 1081344K
  class space    used 4599K, committed 4800K, reserved 1048576K
}
Event: 13.773 GC heap after
{Heap after GC invocations=32 (full 0):
 garbage-first heap   total 301056K, used 96606K [0x00000000c0000000, 0x0000000100000000)
  region size 1024K, 11 young (11264K), 11 survivors (11264K)
 Metaspace       used 35536K, committed 35968K, reserved 1081344K
  class space    used 4599K, committed 4800K, reserved 1048576K
}
Event: 14.272 GC heap before
{Heap before GC invocations=32 (full 0):
 garbage-first heap   total 301056K, used 246110K [0x00000000c0000000, 0x0000000100000000)
  region size 1024K, 158 young (161792K), 11 survivors (11264K)
 Metaspace       used 35536K, committed 35968K, reserved 1081344K
  class space    used 4599K, committed 4800K, reserved 1048576K
}
Event: 14.283 GC heap after
{Heap after GC invocations=33 (full 0):
 garbage-first heap   total 301056K, used 102223K [0x00000000c0000000, 0x0000000100000000)
  region size 1024K, 17 young (17408K), 17 survivors (17408K)
 Metaspace       used 35536K, committed 35968K, reserved 1081344K
  class space    used 4599K, committed 4800K, reserved 1048576K
}
Event: 14.616 GC heap before
{Heap before GC invocations=33 (full 0):
 garbage-first heap   total 301056K, used 246607K [0x00000000c0000000, 0x0000000100000000)
  region size 1024K, 159 young (162816K), 17 survivors (17408K)
 Metaspace       used 35536K, committed 35968K, reserved 1081344K
  class space    used 4599K, committed 4800K, reserved 1048576K
}
Event: 14.638 GC heap after
{Heap after GC invocations=34 (full 0):
 garbage-first heap   total 301056K, used 107506K [0x00000000c0000000, 0x0000000100000000)
  region size 1024K, 12 young (12288K), 12 survivors (12288K)
 Metaspace       used 35536K, committed 35968K, reserved 1081344K
  class space    used 4599K, committed 4800K, reserved 1048576K
}
Event: 14.883 GC heap before
{Heap before GC invocations=34 (full 0):
 garbage-first heap   total 301056K, used 248818K [0x00000000c0000000, 0x0000000100000000)
  region size 1024K, 151 young (154624K), 12 survivors (12288K)
 Metaspace       used 35536K, committed 35968K, reserved 1081344K
  class space    used 4599K, committed 4800K, reserved 1048576K
}
Event: 14.897 GC heap after
{Heap after GC invocations=35 (full 0):
 garbage-first heap   total 301056K, used 113898K [0x00000000c0000000, 0x0000000100000000)
  region size 1024K, 12 young (12288K), 12 survivors (12288K)
 Metaspace       used 35536K, committed 35968K, reserved 1081344K
  class space    used 4599K, committed 4800K, reserved 1048576K
}
Event: 15.180 GC heap before
{Heap before GC invocations=35 (full 0):
 garbage-first heap   total 301056K, used 251114K [0x00000000c0000000, 0x0000000100000000)
  region size 1024K, 147 young (150528K), 12 survivors (12288K)
 Metaspace       used 35536K, committed 35968K, reserved 1081344K
  class space    used 4599K, committed 4800K, reserved 1048576K
}
Event: 15.273 GC heap after
{Heap after GC invocations=36 (full 0):
 garbage-first heap   total 301056K, used 120366K [0x00000000c0000000, 0x0000000100000000)
  region size 1024K, 13 young (13312K), 13 survivors (13312K)
 Metaspace       used 35536K, committed 35968K, reserved 1081344K
  class space    used 4599K, committed 4800K, reserved 1048576K
}
Event: 15.534 GC heap before
{Heap before GC invocations=36 (full 0):
 garbage-first heap   total 301056K, used 251438K [0x00000000c0000000, 0x0000000100000000)
  region size 1024K, 142 young (145408K), 13 survivors (13312K)
 Metaspace       used 35536K, committed 35968K, reserved 1081344K
  class space    used 4599K, committed 4800K, reserved 1048576K
}
Event: 15.601 GC heap after
{Heap after GC invocations=37 (full 0):
 garbage-first heap   total 301056K, used 131320K [0x00000000c0000000, 0x0000000100000000)
  region size 1024K, 17 young (17408K), 17 survivors (17408K)
 Metaspace       used 35536K, committed 35968K, reserved 1081344K
  class space    used 4599K, committed 4800K, reserved 1048576K
}
Event: 16.806 GC heap before
{Heap before GC invocations=37 (full 0):
 garbage-first heap   total 301056K, used 250104K [0x00000000c0000000, 0x0000000100000000)
  region size 1024K, 134 young (137216K), 17 survivors (17408K)
 Metaspace       used 35550K, committed 35968K, reserved 1081344K
  class space    used 4600K, committed 4800K, reserved 1048576K
}

