# JRE version: OpenJDK Runtime Environment Temurin-17.0.5+8 (17.0.5+8) (build 17.0.5+8)
# Java VM: OpenJDK 64-Bit Server VM Temurin-17.0.5+8 (17.0.5+8, mixed mode, emulated-client, tiered, compressed oops, compressed class ptrs, g1 gc, windows-amd64)
GC Precious Log:
 CPUs: 4 total, 4 available
 Memory: 3718M
 Large Page Support: Disabled
 NUMA Support: Disabled
 Compressed Oops: Enabled (32-bit)
 Heap Region Size: 1M
 Heap Min Capacity: 8M
 Heap Initial Capacity: 60M
 Heap Max Capacity: 1G
 Pre-touch: Disabled
 Parallel Workers: 4
 Concurrent Workers: 1
 Concurrent Refinement Workers: 4
 Periodic GC: Disabled
Heap:
 garbage-first heap   total 451584K, used 168277K [0x00000000c0000000, 0x0000000100000000)
  region size 1024K, 23 young (23552K), 23 survivors (23552K)
 Metaspace       used 52058K, committed 52544K, reserved 1097728K
  class space    used 6531K, committed 6784K, reserved 1048576K
GC Heap History (20 events):
Event: 21.047 GC heap after
{Heap after GC invocations=29 (full 0):
 garbage-first heap   total 262144K, used 76913K [0x00000000c0000000, 0x0000000100000000)
  region size 1024K, 6 young (6144K), 6 survivors (6144K)
 Metaspace       used 39091K, committed 39552K, reserved 1089536K
  class space    used 4983K, committed 5184K, reserved 1048576K
}
Event: 21.725 GC heap before
{Heap before GC invocations=29 (full 0):
 garbage-first heap   total 262144K, used 190577K [0x00000000c0000000, 0x0000000100000000)
  region size 1024K, 118 young (120832K), 6 survivors (6144K)
 Metaspace       used 39384K, committed 39808K, reserved 1089536K
  class space    used 5017K, committed 5184K, reserved 1048576K
}
Event: 21.746 GC heap after
{Heap after GC invocations=30 (full 0):
 garbage-first heap   total 262144K, used 81100K [0x00000000c0000000, 0x0000000100000000)
  region size 1024K, 10 young (10240K), 10 survivors (10240K)
 Metaspace       used 39384K, committed 39808K, reserved 1089536K
  class space    used 5017K, committed 5184K, reserved 1048576K
}
Event: 22.372 GC heap before
{Heap before GC invocations=30 (full 0):
 garbage-first heap   total 262144K, used 199884K [0x00000000c0000000, 0x0000000100000000)
  region size 1024K, 127 young (130048K), 10 survivors (10240K)
 Metaspace       used 39685K, committed 40064K, reserved 1089536K
  class space    used 5070K, committed 5248K, reserved 1048576K
}
Event: 22.411 GC heap after
{Heap after GC invocations=31 (full 0):
 garbage-first heap   total 262144K, used 87254K [0x00000000c0000000, 0x0000000100000000)
  region size 1024K, 11 young (11264K), 11 survivors (11264K)
 Metaspace       used 39685K, committed 40064K, reserved 1089536K
  class space    used 5070K, committed 5248K, reserved 1048576K
}
Event: 22.946 GC heap before
{Heap before GC invocations=31 (full 0):
 garbage-first heap   total 262144K, used 205014K [0x00000000c0000000, 0x0000000100000000)
  region size 1024K, 127 young (130048K), 11 survivors (11264K)
 Metaspace       used 39954K, committed 40320K, reserved 1089536K
  class space    used 5095K, committed 5248K, reserved 1048576K
}
Event: 22.959 GC heap after
{Heap after GC invocations=32 (full 0):
 garbage-first heap   total 262144K, used 92821K [0x00000000c0000000, 0x0000000100000000)
  region size 1024K, 11 young (11264K), 11 survivors (11264K)
 Metaspace       used 39954K, committed 40320K, reserved 1089536K
  class space    used 5095K, committed 5248K, reserved 1048576K
}
Event: 23.144 GC heap before
{Heap before GC invocations=32 (full 0):
 garbage-first heap   total 262144K, used 211605K [0x00000000c0000000, 0x0000000100000000)
  region size 1024K, 127 young (130048K), 11 survivors (11264K)
 Metaspace       used 39981K, committed 40320K, reserved 1089536K
  class space    used 5100K, committed 5248K, reserved 1048576K
}
Event: 23.157 GC heap after
{Heap after GC invocations=33 (full 0):
 garbage-first heap   total 262144K, used 101618K [0x00000000c0000000, 0x0000000100000000)
  region size 1024K, 13 young (13312K), 13 survivors (13312K)
 Metaspace       used 39981K, committed 40320K, reserved 1089536K
  class space    used 5100K, committed 5248K, reserved 1048576K
}
Event: 23.565 GC heap before
{Heap before GC invocations=33 (full 0):
 garbage-first heap   total 262144K, used 211186K [0x00000000c0000000, 0x0000000100000000)
  region size 1024K, 121 young (123904K), 13 survivors (13312K)
 Metaspace       used 40141K, committed 40512K, reserved 1089536K
  class space    used 5122K, committed 5312K, reserved 1048576K
}
Event: 23.641 GC heap after
{Heap after GC invocations=34 (full 0):
 garbage-first heap   total 451584K, used 108363K [0x00000000c0000000, 0x0000000100000000)
  region size 1024K, 15 young (15360K), 15 survivors (15360K)
 Metaspace       used 40141K, committed 40512K, reserved 1089536K
  class space    used 5122K, committed 5312K, reserved 1048576K
}
Event: 26.212 GC heap before
{Heap before GC invocations=34 (full 0):
 garbage-first heap   total 451584K, used 357195K [0x00000000c0000000, 0x0000000100000000)
  region size 1024K, 259 young (265216K), 15 survivors (15360K)
 Metaspace       used 41539K, committed 41984K, reserved 1089536K
  class space    used 5228K, committed 5440K, reserved 1048576K
}
Event: 26.329 GC heap after
{Heap after GC invocations=35 (full 0):
 garbage-first heap   total 451584K, used 116555K [0x00000000c0000000, 0x0000000100000000)
  region size 1024K, 23 young (23552K), 23 survivors (23552K)
 Metaspace       used 41539K, committed 41984K, reserved 1089536K
  class space    used 5228K, committed 5440K, reserved 1048576K
}
Event: 27.762 GC heap before
{Heap before GC invocations=35 (full 0):
 garbage-first heap   total 451584K, used 362315K [0x00000000c0000000, 0x0000000100000000)
  region size 1024K, 264 young (270336K), 23 survivors (23552K)
 Metaspace       used 44688K, committed 45120K, reserved 1089536K
  class space    used 5591K, committed 5760K, reserved 1048576K
}
Event: 27.927 GC heap after
{Heap after GC invocations=36 (full 0):
 garbage-first heap   total 451584K, used 127194K [0x00000000c0000000, 0x0000000100000000)
  region size 1024K, 26 young (26624K), 26 survivors (26624K)
 Metaspace       used 44688K, committed 45120K, reserved 1089536K
  class space    used 5591K, committed 5760K, reserved 1048576K
}
Event: 29.151 GC heap before
{Heap before GC invocations=36 (full 0):
 garbage-first heap   total 451584K, used 366810K [0x00000000c0000000, 0x0000000100000000)
  region size 1024K, 261 young (267264K), 26 survivors (26624K)
 Metaspace       used 45460K, committed 45952K, reserved 1089536K
  class space    used 5706K, committed 5952K, reserved 1048576K
}
Event: 29.368 GC heap after
{Heap after GC invocations=37 (full 0):
 garbage-first heap   total 451584K, used 144144K [0x00000000c0000000, 0x0000000100000000)
  region size 1024K, 28 young (28672K), 28 survivors (28672K)
 Metaspace       used 45460K, committed 45952K, reserved 1089536K
  class space    used 5706K, committed 5952K, reserved 1048576K
}
Event: 33.362 GC heap before
{Heap before GC invocations=37 (full 0):
 garbage-first heap   total 451584K, used 366352K [0x00000000c0000000, 0x0000000100000000)
  region size 1024K, 246 young (251904K), 28 survivors (28672K)
 Metaspace       used 51080K, committed 51520K, reserved 1097728K
  class space    used 6411K, committed 6592K, reserved 1048576K
}
Event: 33.672 GC heap after
{Heap after GC invocations=38 (full 0):
 garbage-first heap   total 451584K, used 157525K [0x00000000c0000000, 0x0000000100000000)
  region size 1024K, 14 young (14336K), 14 survivors (14336K)
 Metaspace       used 51080K, committed 51520K, reserved 1097728K
  class space    used 6411K, committed 6592K, reserved 1048576K
}
Event: 35.224 GC heap before
{Heap before GC invocations=38 (full 0):
 garbage-first heap   total 451584K, used 370517K [0x00000000c0000000, 0x0000000100000000)
  region size 1024K, 222 young (227328K), 14 survivors (14336K)
 Metaspace       used 52058K, committed 52544K, reserved 1097728K
  class space    used 6531K, committed 6784K, reserved 1048576K
}

