# JRE version: OpenJDK Runtime Environment (17.0.6+10) (build 17.0.6+10-LTS)
# Java VM: OpenJDK 64-Bit Server VM (17.0.6+10-LTS, mixed mode, sharing, tiered, compressed oops, compressed class ptrs, g1 gc, windows-amd64)
GC Precious Log:
 CPUs: 4 total, 4 available
 Memory: 3718M
 Large Page Support: Disabled
 NUMA Support: Disabled
 Compressed Oops: Enabled (32-bit)
 Heap Region Size: 1M
 Heap Min Capacity: 8M
 Heap Initial Capacity: 60M
 Heap Max Capacity: 930M
 Pre-touch: Disabled
 Parallel Workers: 4
 Concurrent Workers: 1
 Concurrent Refinement Workers: 4
 Periodic GC: Disabled
Heap:
 garbage-first heap   total 61440K, used 23259K [0x00000000c5e00000, 0x0000000100000000)
  region size 1024K, 17 young (17408K), 2 survivors (2048K)
 Metaspace       used 12536K, committed 12736K, reserved 1064960K
  class space    used 1617K, committed 1728K, reserved 1048576K
GC Heap History (6 events):
Event: 2.537 GC heap before
{Heap before GC invocations=0 (full 0):
 garbage-first heap   total 61440K, used 13312K [0x00000000c5e00000, 0x0000000100000000)
  region size 1024K, 13 young (13312K), 0 survivors (0K)
 Metaspace       used 2782K, committed 2944K, reserved 1056768K
  class space    used 285K, committed 384K, reserved 1048576K
}
Event: 2.668 GC heap after
{Heap after GC invocations=1 (full 0):
 garbage-first heap   total 61440K, used 6796K [0x00000000c5e00000, 0x0000000100000000)
  region size 1024K, 2 young (2048K), 2 survivors (2048K)
 Metaspace       used 2782K, committed 2944K, reserved 1056768K
  class space    used 285K, committed 384K, reserved 1048576K
}
Event: 4.347 GC heap before
{Heap before GC invocations=1 (full 0):
 garbage-first heap   total 61440K, used 13964K [0x00000000c5e00000, 0x0000000100000000)
  region size 1024K, 9 young (9216K), 2 survivors (2048K)
 Metaspace       used 4578K, committed 4800K, reserved 1056768K
  class space    used 548K, committed 640K, reserved 1048576K
}
Event: 4.354 GC heap after
{Heap after GC invocations=2 (full 0):
 garbage-first heap   total 61440K, used 7519K [0x00000000c5e00000, 0x0000000100000000)
  region size 1024K, 1 young (1024K), 1 survivors (1024K)
 Metaspace       used 4578K, committed 4800K, reserved 1056768K
  class space    used 548K, committed 640K, reserved 1048576K
}
Event: 8.400 GC heap before
{Heap before GC invocations=2 (full 0):
 garbage-first heap   total 61440K, used 26975K [0x00000000c5e00000, 0x0000000100000000)
  region size 1024K, 20 young (20480K), 1 survivors (1024K)
 Metaspace       used 9650K, committed 9856K, reserved 1064960K
  class space    used 1202K, committed 1280K, reserved 1048576K
}
Event: 8.410 GC heap after
{Heap after GC invocations=3 (full 0):
 garbage-first heap   total 61440K, used 8923K [0x00000000c5e00000, 0x0000000100000000)
  region size 1024K, 2 young (2048K), 2 survivors (2048K)
 Metaspace       used 9650K, committed 9856K, reserved 1064960K
  class space    used 1202K, committed 1280K, reserved 1048576K
}

