# JRE version: OpenJDK Runtime Environment (17.0.6+10) (build 17.0.6+10-LTS)
# Java VM: OpenJDK 64-Bit Server VM (17.0.6+10-LTS, mixed mode, sharing, tiered, compressed oops, compressed class ptrs, g1 gc, windows-amd64)
GC Precious Log:
 CPUs: 4 total, 4 available
 Memory: 3718M
 Large Page Support: Disabled
 NUMA Support: Disabled
 Compressed Oops: Enabled (32-bit)
 Heap Region Size: 1M
 Heap Min Capacity: 8M
 Heap Initial Capacity: 60M
 Heap Max Capacity: 930M
 Pre-touch: Disabled
 Parallel Workers: 4
 Concurrent Workers: 1
 Concurrent Refinement Workers: 4
 Periodic GC: Disabled
Heap:
 garbage-first heap   total 61440K, used 30805K [0x00000000c5e00000, 0x0000000100000000)
  region size 1024K, 28 young (28672K), 2 survivors (2048K)
 Metaspace       used 14491K, committed 14720K, reserved 1064960K
  class space    used 1777K, committed 1920K, reserved 1048576K
GC Heap History (6 events):
Event: 1.394 GC heap before
{Heap before GC invocations=0 (full 0):
 garbage-first heap   total 61440K, used 12288K [0x00000000c5e00000, 0x0000000100000000)
  region size 1024K, 13 young (13312K), 0 survivors (0K)
 Metaspace       used 3494K, committed 3648K, reserved 1056768K
  class space    used 365K, committed 448K, reserved 1048576K
}
Event: 1.425 GC heap after
{Heap after GC invocations=1 (full 0):
 garbage-first heap   total 61440K, used 3320K [0x00000000c5e00000, 0x0000000100000000)
  region size 1024K, 2 young (2048K), 2 survivors (2048K)
 Metaspace       used 3494K, committed 3648K, reserved 1056768K
  class space    used 365K, committed 448K, reserved 1048576K
}
Event: 2.499 GC heap before
{Heap before GC invocations=1 (full 0):
 garbage-first heap   total 61440K, used 15608K [0x00000000c5e00000, 0x0000000100000000)
  region size 1024K, 14 young (14336K), 2 survivors (2048K)
 Metaspace       used 6016K, committed 6208K, reserved 1056768K
  class space    used 707K, committed 832K, reserved 1048576K
}
Event: 2.507 GC heap after
{Heap after GC invocations=2 (full 0):
 garbage-first heap   total 61440K, used 4059K [0x00000000c5e00000, 0x0000000100000000)
  region size 1024K, 1 young (1024K), 1 survivors (1024K)
 Metaspace       used 6016K, committed 6208K, reserved 1056768K
  class space    used 707K, committed 832K, reserved 1048576K
}
Event: 4.195 GC heap before
{Heap before GC invocations=2 (full 0):
 garbage-first heap   total 61440K, used 27611K [0x00000000c5e00000, 0x0000000100000000)
  region size 1024K, 24 young (24576K), 1 survivors (1024K)
 Metaspace       used 9285K, committed 9472K, reserved 1064960K
  class space    used 1115K, committed 1216K, reserved 1048576K
}
Event: 4.202 GC heap after
{Heap after GC invocations=3 (full 0):
 garbage-first heap   total 61440K, used 5205K [0x00000000c5e00000, 0x0000000100000000)
  region size 1024K, 2 young (2048K), 2 survivors (2048K)
 Metaspace       used 9285K, committed 9472K, reserved 1064960K
  class space    used 1115K, committed 1216K, reserved 1048576K
}

