# JRE version: OpenJDK Runtime Environment Temurin-17.0.5+8 (17.0.5+8) (build 17.0.5+8)
# Java VM: OpenJDK 64-Bit Server VM Temurin-17.0.5+8 (17.0.5+8, mixed mode, emulated-client, tiered, compressed oops, compressed class ptrs, g1 gc, windows-amd64)
GC Precious Log:
 CPUs: 4 total, 4 available
 Memory: 3718M
 Large Page Support: Disabled
 NUMA Support: Disabled
 Compressed Oops: Enabled (32-bit)
 Heap Region Size: 1M
 Heap Min Capacity: 8M
 Heap Initial Capacity: 60M
 Heap Max Capacity: 1G
 Pre-touch: Disabled
 Parallel Workers: 4
 Concurrent Workers: 1
 Concurrent Refinement Workers: 4
 Periodic GC: Disabled
Heap:
 garbage-first heap   total 489472K, used 214982K [0x00000000c0000000, 0x0000000100000000)
  region size 1024K, 21 young (21504K), 21 survivors (21504K)
 Metaspace       used 52064K, committed 52544K, reserved 1097728K
  class space    used 6530K, committed 6784K, reserved 1048576K
GC Heap History (20 events):
Event: 50.682 GC heap after
{Heap after GC invocations=34 (full 0):
 garbage-first heap   total 489472K, used 103721K [0x00000000c0000000, 0x0000000100000000)
  region size 1024K, 6 young (6144K), 6 survivors (6144K)
 Metaspace       used 45042K, committed 45504K, reserved 1089536K
  class space    used 5638K, committed 5824K, reserved 1048576K
}
Event: 52.738 GC heap before
{Heap before GC invocations=34 (full 0):
 garbage-first heap   total 489472K, used 389417K [0x00000000c0000000, 0x0000000100000000)
  region size 1024K, 286 young (292864K), 6 survivors (6144K)
 Metaspace       used 46931K, committed 47360K, reserved 1097728K
  class space    used 5885K, committed 6080K, reserved 1048576K
}
Event: 52.863 GC heap after
{Heap after GC invocations=35 (full 0):
 garbage-first heap   total 489472K, used 115547K [0x00000000c0000000, 0x0000000100000000)
  region size 1024K, 17 young (17408K), 17 survivors (17408K)
 Metaspace       used 46931K, committed 47360K, reserved 1097728K
  class space    used 5885K, committed 6080K, reserved 1048576K
}
Event: 54.549 GC heap before
{Heap before GC invocations=35 (full 0):
 garbage-first heap   total 489472K, used 389979K [0x00000000c0000000, 0x0000000100000000)
  region size 1024K, 286 young (292864K), 17 survivors (17408K)
 Metaspace       used 48796K, committed 49280K, reserved 1097728K
  class space    used 6148K, committed 6336K, reserved 1048576K
}
Event: 54.641 GC heap after
{Heap after GC invocations=36 (full 0):
 garbage-first heap   total 489472K, used 127475K [0x00000000c0000000, 0x0000000100000000)
  region size 1024K, 29 young (29696K), 29 survivors (29696K)
 Metaspace       used 48796K, committed 49280K, reserved 1097728K
  class space    used 6148K, committed 6336K, reserved 1048576K
}
Event: 55.990 GC heap before
{Heap before GC invocations=36 (full 0):
 garbage-first heap   total 489472K, used 390643K [0x00000000c0000000, 0x0000000100000000)
  region size 1024K, 288 young (294912K), 29 survivors (29696K)
 Metaspace       used 51438K, committed 51904K, reserved 1097728K
  class space    used 6442K, committed 6656K, reserved 1048576K
}
Event: 56.152 GC heap after
{Heap after GC invocations=37 (full 0):
 garbage-first heap   total 489472K, used 144262K [0x00000000c0000000, 0x0000000100000000)
  region size 1024K, 29 young (29696K), 29 survivors (29696K)
 Metaspace       used 51438K, committed 51904K, reserved 1097728K
  class space    used 6442K, committed 6656K, reserved 1048576K
}
Event: 59.705 GC heap before
{Heap before GC invocations=37 (full 0):
 garbage-first heap   total 489472K, used 398214K [0x00000000c0000000, 0x0000000100000000)
  region size 1024K, 278 young (284672K), 29 survivors (29696K)
 Metaspace       used 52042K, committed 52544K, reserved 1097728K
  class space    used 6528K, committed 6784K, reserved 1048576K
}
Event: 59.980 GC heap after
{Heap after GC invocations=38 (full 0):
 garbage-first heap   total 489472K, used 158208K [0x00000000c0000000, 0x0000000100000000)
  region size 1024K, 31 young (31744K), 31 survivors (31744K)
 Metaspace       used 52042K, committed 52544K, reserved 1097728K
  class space    used 6528K, committed 6784K, reserved 1048576K
}
Event: 61.364 GC heap before
{Heap before GC invocations=38 (full 0):
 garbage-first heap   total 489472K, used 402944K [0x00000000c0000000, 0x0000000100000000)
  region size 1024K, 270 young (276480K), 31 survivors (31744K)
 Metaspace       used 52064K, committed 52544K, reserved 1097728K
  class space    used 6530K, committed 6784K, reserved 1048576K
}
Event: 61.825 GC heap after
{Heap after GC invocations=39 (full 0):
 garbage-first heap   total 489472K, used 170496K [0x00000000c0000000, 0x0000000100000000)
  region size 1024K, 25 young (25600K), 25 survivors (25600K)
 Metaspace       used 52064K, committed 52544K, reserved 1097728K
  class space    used 6530K, committed 6784K, reserved 1048576K
}
Event: 61.958 GC heap before
{Heap before GC invocations=39 (full 0):
 garbage-first heap   total 489472K, used 203264K [0x00000000c0000000, 0x0000000100000000)
  region size 1024K, 58 young (59392K), 25 survivors (25600K)
 Metaspace       used 52064K, committed 52544K, reserved 1097728K
  class space    used 6530K, committed 6784K, reserved 1048576K
}
Event: 62.015 GC heap after
{Heap after GC invocations=40 (full 0):
 garbage-first heap   total 489472K, used 172544K [0x00000000c0000000, 0x0000000100000000)
  region size 1024K, 2 young (2048K), 2 survivors (2048K)
 Metaspace       used 52064K, committed 52544K, reserved 1097728K
  class space    used 6530K, committed 6784K, reserved 1048576K
}
Event: 63.063 GC heap before
{Heap before GC invocations=40 (full 0):
 garbage-first heap   total 489472K, used 408064K [0x00000000c0000000, 0x0000000100000000)
  region size 1024K, 233 young (238592K), 2 survivors (2048K)
 Metaspace       used 52064K, committed 52544K, reserved 1097728K
  class space    used 6530K, committed 6784K, reserved 1048576K
}
Event: 63.079 GC heap after
{Heap after GC invocations=41 (full 0):
 garbage-first heap   total 489472K, used 183808K [0x00000000c0000000, 0x0000000100000000)
  region size 1024K, 13 young (13312K), 13 survivors (13312K)
 Metaspace       used 52064K, committed 52544K, reserved 1097728K
  class space    used 6530K, committed 6784K, reserved 1048576K
}
Event: 64.031 GC heap before
{Heap before GC invocations=41 (full 0):
 garbage-first heap   total 489472K, used 410112K [0x00000000c0000000, 0x0000000100000000)
  region size 1024K, 235 young (240640K), 13 survivors (13312K)
 Metaspace       used 52064K, committed 52544K, reserved 1097728K
  class space    used 6530K, committed 6784K, reserved 1048576K
}
Event: 64.068 GC heap after
{Heap after GC invocations=42 (full 0):
 garbage-first heap   total 489472K, used 194048K [0x00000000c0000000, 0x0000000100000000)
  region size 1024K, 23 young (23552K), 23 survivors (23552K)
 Metaspace       used 52064K, committed 52544K, reserved 1097728K
  class space    used 6530K, committed 6784K, reserved 1048576K
}
Event: 65.021 GC heap before
{Heap before GC invocations=42 (full 0):
 garbage-first heap   total 489472K, used 412160K [0x00000000c0000000, 0x0000000100000000)
  region size 1024K, 237 young (242688K), 23 survivors (23552K)
 Metaspace       used 52064K, committed 52544K, reserved 1097728K
  class space    used 6530K, committed 6784K, reserved 1048576K
}
Event: 65.084 GC heap after
{Heap after GC invocations=43 (full 0):
 garbage-first heap   total 489472K, used 204797K [0x00000000c0000000, 0x0000000100000000)
  region size 1024K, 21 young (21504K), 21 survivors (21504K)
 Metaspace       used 52064K, committed 52544K, reserved 1097728K
  class space    used 6530K, committed 6784K, reserved 1048576K
}
Event: 66.360 GC heap before
{Heap before GC invocations=43 (full 0):
 garbage-first heap   total 489472K, used 413693K [0x00000000c0000000, 0x0000000100000000)
  region size 1024K, 226 young (231424K), 21 survivors (21504K)
 Metaspace       used 52064K, committed 52544K, reserved 1097728K
  class space    used 6530K, committed 6784K, reserved 1048576K
}

