# JRE version: OpenJDK Runtime Environment Temurin-17.0.5+8 (17.0.5+8) (build 17.0.5+8)
# Java VM: OpenJDK 64-Bit Server VM Temurin-17.0.5+8 (17.0.5+8, mixed mode, emulated-client, tiered, compressed oops, compressed class ptrs, g1 gc, windows-amd64)
GC Precious Log:
 CPUs: 4 total, 4 available
 Memory: 3718M
 Large Page Support: Disabled
 NUMA Support: Disabled
 Compressed Oops: Enabled (32-bit)
 Heap Region Size: 1M
 Heap Min Capacity: 8M
 Heap Initial Capacity: 60M
 Heap Max Capacity: 1G
 Pre-touch: Disabled
 Parallel Workers: 4
 Concurrent Workers: 1
 Concurrent Refinement Workers: 4
 Periodic GC: Disabled
Heap:
 garbage-first heap   total 206848K, used 79338K [0x00000000c0000000, 0x0000000100000000)
  region size 1024K, 7 young (7168K), 7 survivors (7168K)
 Metaspace       used 35537K, committed 35968K, reserved 1081344K
  class space    used 4599K, committed 4800K, reserved 1048576K
GC Heap History (20 events):
Event: 11.762 GC heap after
{Heap after GC invocations=16 (full 0):
 garbage-first heap   total 103424K, used 37144K [0x00000000c0000000, 0x0000000100000000)
  region size 1024K, 2 young (2048K), 2 survivors (2048K)
 Metaspace       used 35382K, committed 35840K, reserved 1081344K
  class space    used 4574K, committed 4800K, reserved 1048576K
}
Event: 12.191 GC heap before
{Heap before GC invocations=17 (full 0):
 garbage-first heap   total 103424K, used 75032K [0x00000000c0000000, 0x0000000100000000)
  region size 1024K, 39 young (39936K), 2 survivors (2048K)
 Metaspace       used 35382K, committed 35840K, reserved 1081344K
  class space    used 4574K, committed 4800K, reserved 1048576K
}
Event: 12.208 GC heap after
{Heap after GC invocations=18 (full 0):
 garbage-first heap   total 103424K, used 48372K [0x00000000c0000000, 0x0000000100000000)
  region size 1024K, 5 young (5120K), 5 survivors (5120K)
 Metaspace       used 35382K, committed 35840K, reserved 1081344K
  class space    used 4574K, committed 4800K, reserved 1048576K
}
Event: 12.904 GC heap before
{Heap before GC invocations=18 (full 0):
 garbage-first heap   total 103424K, used 76020K [0x00000000c0000000, 0x0000000100000000)
  region size 1024K, 31 young (31744K), 5 survivors (5120K)
 Metaspace       used 35382K, committed 35840K, reserved 1081344K
  class space    used 4575K, committed 4800K, reserved 1048576K
}
Event: 12.922 GC heap after
{Heap after GC invocations=19 (full 0):
 garbage-first heap   total 103424K, used 61440K [0x00000000c0000000, 0x0000000100000000)
  region size 1024K, 4 young (4096K), 4 survivors (4096K)
 Metaspace       used 35382K, committed 35840K, reserved 1081344K
  class space    used 4575K, committed 4800K, reserved 1048576K
}
Event: 13.030 GC heap before
{Heap before GC invocations=19 (full 0):
 garbage-first heap   total 103424K, used 75776K [0x00000000c0000000, 0x0000000100000000)
  region size 1024K, 19 young (19456K), 4 survivors (4096K)
 Metaspace       used 35435K, committed 35904K, reserved 1081344K
  class space    used 4585K, committed 4800K, reserved 1048576K
}
Event: 13.052 GC heap after
{Heap after GC invocations=20 (full 0):
 garbage-first heap   total 103424K, used 66512K [0x00000000c0000000, 0x0000000100000000)
  region size 1024K, 3 young (3072K), 3 survivors (3072K)
 Metaspace       used 35435K, committed 35904K, reserved 1081344K
  class space    used 4585K, committed 4800K, reserved 1048576K
}
Event: 13.105 GC heap before
{Heap before GC invocations=20 (full 0):
 garbage-first heap   total 103424K, used 77776K [0x00000000c0000000, 0x0000000100000000)
  region size 1024K, 15 young (15360K), 3 survivors (3072K)
 Metaspace       used 35435K, committed 35904K, reserved 1081344K
  class space    used 4585K, committed 4800K, reserved 1048576K
}
Event: 13.116 GC heap after
{Heap after GC invocations=21 (full 0):
 garbage-first heap   total 103424K, used 68033K [0x00000000c0000000, 0x0000000100000000)
  region size 1024K, 1 young (1024K), 1 survivors (1024K)
 Metaspace       used 35435K, committed 35904K, reserved 1081344K
  class space    used 4585K, committed 4800K, reserved 1048576K
}
Event: 13.167 GC heap before
{Heap before GC invocations=21 (full 0):
 garbage-first heap   total 103424K, used 79297K [0x00000000c0000000, 0x0000000100000000)
  region size 1024K, 13 young (13312K), 1 survivors (1024K)
 Metaspace       used 35537K, committed 35968K, reserved 1081344K
  class space    used 4599K, committed 4800K, reserved 1048576K
}
Event: 13.171 GC heap after
{Heap after GC invocations=22 (full 0):
 garbage-first heap   total 206848K, used 68219K [0x00000000c0000000, 0x0000000100000000)
  region size 1024K, 1 young (1024K), 1 survivors (1024K)
 Metaspace       used 35537K, committed 35968K, reserved 1081344K
  class space    used 4599K, committed 4800K, reserved 1048576K
}
Event: 13.511 GC heap before
{Heap before GC invocations=23 (full 0):
 garbage-first heap   total 206848K, used 128635K [0x00000000c0000000, 0x0000000100000000)
  region size 1024K, 62 young (63488K), 1 survivors (1024K)
 Metaspace       used 35537K, committed 35968K, reserved 1081344K
  class space    used 4599K, committed 4800K, reserved 1048576K
}
Event: 13.535 GC heap after
{Heap after GC invocations=24 (full 0):
 garbage-first heap   total 206848K, used 69796K [0x00000000c0000000, 0x0000000100000000)
  region size 1024K, 4 young (4096K), 4 survivors (4096K)
 Metaspace       used 35537K, committed 35968K, reserved 1081344K
  class space    used 4599K, committed 4800K, reserved 1048576K
}
Event: 13.545 GC heap before
{Heap before GC invocations=24 (full 0):
 garbage-first heap   total 206848K, used 74916K [0x00000000c0000000, 0x0000000100000000)
  region size 1024K, 10 young (10240K), 4 survivors (4096K)
 Metaspace       used 35537K, committed 35968K, reserved 1081344K
  class space    used 4599K, committed 4800K, reserved 1048576K
}
Event: 13.553 GC heap after
{Heap after GC invocations=25 (full 0):
 garbage-first heap   total 206848K, used 69472K [0x00000000c0000000, 0x0000000100000000)
  region size 1024K, 1 young (1024K), 1 survivors (1024K)
 Metaspace       used 35537K, committed 35968K, reserved 1081344K
  class space    used 4599K, committed 4800K, reserved 1048576K
}
Event: 13.755 GC heap before
{Heap before GC invocations=25 (full 0):
 garbage-first heap   total 206848K, used 149344K [0x00000000c0000000, 0x0000000100000000)
  region size 1024K, 80 young (81920K), 1 survivors (1024K)
 Metaspace       used 35537K, committed 35968K, reserved 1081344K
  class space    used 4599K, committed 4800K, reserved 1048576K
}
Event: 13.769 GC heap after
{Heap after GC invocations=26 (full 0):
 garbage-first heap   total 206848K, used 72485K [0x00000000c0000000, 0x0000000100000000)
  region size 1024K, 4 young (4096K), 4 survivors (4096K)
 Metaspace       used 35537K, committed 35968K, reserved 1081344K
  class space    used 4599K, committed 4800K, reserved 1048576K
}
Event: 14.035 GC heap before
{Heap before GC invocations=26 (full 0):
 garbage-first heap   total 206848K, used 154405K [0x00000000c0000000, 0x0000000100000000)
  region size 1024K, 85 young (87040K), 4 survivors (4096K)
 Metaspace       used 35537K, committed 35968K, reserved 1081344K
  class space    used 4599K, committed 4800K, reserved 1048576K
}
Event: 14.051 GC heap after
{Heap after GC invocations=27 (full 0):
 garbage-first heap   total 206848K, used 75751K [0x00000000c0000000, 0x0000000100000000)
  region size 1024K, 7 young (7168K), 7 survivors (7168K)
 Metaspace       used 35537K, committed 35968K, reserved 1081344K
  class space    used 4599K, committed 4800K, reserved 1048576K
}
Event: 14.308 GC heap before
{Heap before GC invocations=27 (full 0):
 garbage-first heap   total 206848K, used 159719K [0x00000000c0000000, 0x0000000100000000)
  region size 1024K, 90 young (92160K), 7 survivors (7168K)
 Metaspace       used 35537K, committed 35968K, reserved 1081344K
  class space    used 4599K, committed 4800K, reserved 1048576K
}

