# JRE version: OpenJDK Runtime Environment Temurin-17.0.5+8 (17.0.5+8) (build 17.0.5+8)
# Java VM: OpenJDK 64-Bit Server VM Temurin-17.0.5+8 (17.0.5+8, mixed mode, emulated-client, tiered, compressed oops, compressed class ptrs, g1 gc, windows-amd64)
GC Precious Log:
 CPUs: 4 total, 4 available
 Memory: 3718M
 Large Page Support: Disabled
 NUMA Support: Disabled
 Compressed Oops: Enabled (32-bit)
 Heap Region Size: 1M
 Heap Min Capacity: 8M
 Heap Initial Capacity: 60M
 Heap Max Capacity: 1G
 Pre-touch: Disabled
 Parallel Workers: 4
 Concurrent Workers: 1
 Concurrent Refinement Workers: 4
 Periodic GC: Disabled
Heap:
 garbage-first heap   total 477184K, used 185845K [0x00000000c0000000, 0x0000000100000000)
  region size 1024K, 22 young (22528K), 22 survivors (22528K)
 Metaspace       used 35670K, committed 36096K, reserved 1081344K
  class space    used 4609K, committed 4800K, reserved 1048576K
GC Heap History (20 events):
Event: 10.054 GC heap after
{Heap after GC invocations=26 (full 0):
 garbage-first heap   total 333824K, used 80443K [0x00000000c0000000, 0x0000000100000000)
  region size 1024K, 8 young (8192K), 8 survivors (8192K)
 Metaspace       used 35538K, committed 35968K, reserved 1081344K
  class space    used 4599K, committed 4800K, reserved 1048576K
}
Event: 10.468 GC heap before
{Heap before GC invocations=26 (full 0):
 garbage-first heap   total 333824K, used 262715K [0x00000000c0000000, 0x0000000100000000)
  region size 1024K, 187 young (191488K), 8 survivors (8192K)
 Metaspace       used 35538K, committed 35968K, reserved 1081344K
  class space    used 4600K, committed 4800K, reserved 1048576K
}
Event: 10.483 GC heap after
{Heap after GC invocations=27 (full 0):
 garbage-first heap   total 333824K, used 88096K [0x00000000c0000000, 0x0000000100000000)
  region size 1024K, 15 young (15360K), 15 survivors (15360K)
 Metaspace       used 35538K, committed 35968K, reserved 1081344K
  class space    used 4600K, committed 4800K, reserved 1048576K
}
Event: 10.722 GC heap before
{Heap before GC invocations=27 (full 0):
 garbage-first heap   total 333824K, used 268320K [0x00000000c0000000, 0x0000000100000000)
  region size 1024K, 192 young (196608K), 15 survivors (15360K)
 Metaspace       used 35538K, committed 35968K, reserved 1081344K
  class space    used 4600K, committed 4800K, reserved 1048576K
}
Event: 10.738 GC heap after
{Heap after GC invocations=28 (full 0):
 garbage-first heap   total 333824K, used 95641K [0x00000000c0000000, 0x0000000100000000)
  region size 1024K, 15 young (15360K), 15 survivors (15360K)
 Metaspace       used 35538K, committed 35968K, reserved 1081344K
  class space    used 4600K, committed 4800K, reserved 1048576K
}
Event: 10.947 GC heap before
{Heap before GC invocations=28 (full 0):
 garbage-first heap   total 333824K, used 272793K [0x00000000c0000000, 0x0000000100000000)
  region size 1024K, 189 young (193536K), 15 survivors (15360K)
 Metaspace       used 35538K, committed 35968K, reserved 1081344K
  class space    used 4600K, committed 4800K, reserved 1048576K
}
Event: 10.962 GC heap after
{Heap after GC invocations=29 (full 0):
 garbage-first heap   total 333824K, used 102121K [0x00000000c0000000, 0x0000000100000000)
  region size 1024K, 14 young (14336K), 14 survivors (14336K)
 Metaspace       used 35538K, committed 35968K, reserved 1081344K
  class space    used 4600K, committed 4800K, reserved 1048576K
}
Event: 11.245 GC heap before
{Heap before GC invocations=29 (full 0):
 garbage-first heap   total 333824K, used 277225K [0x00000000c0000000, 0x0000000100000000)
  region size 1024K, 186 young (190464K), 14 survivors (14336K)
 Metaspace       used 35538K, committed 35968K, reserved 1081344K
  class space    used 4600K, committed 4800K, reserved 1048576K
}
Event: 11.268 GC heap after
{Heap after GC invocations=30 (full 0):
 garbage-first heap   total 477184K, used 109383K [0x00000000c0000000, 0x0000000100000000)
  region size 1024K, 14 young (14336K), 14 survivors (14336K)
 Metaspace       used 35538K, committed 35968K, reserved 1081344K
  class space    used 4600K, committed 4800K, reserved 1048576K
}
Event: 12.446 GC heap before
{Heap before GC invocations=30 (full 0):
 garbage-first heap   total 477184K, used 379719K [0x00000000c0000000, 0x0000000100000000)
  region size 1024K, 279 young (285696K), 14 survivors (14336K)
 Metaspace       used 35538K, committed 35968K, reserved 1081344K
  class space    used 4600K, committed 4800K, reserved 1048576K
}
Event: 12.496 GC heap after
{Heap after GC invocations=31 (full 0):
 garbage-first heap   total 477184K, used 126279K [0x00000000c0000000, 0x0000000100000000)
  region size 1024K, 30 young (30720K), 30 survivors (30720K)
 Metaspace       used 35538K, committed 35968K, reserved 1081344K
  class space    used 4600K, committed 4800K, reserved 1048576K
}
Event: 13.876 GC heap before
{Heap before GC invocations=31 (full 0):
 garbage-first heap   total 477184K, used 380231K [0x00000000c0000000, 0x0000000100000000)
  region size 1024K, 279 young (285696K), 30 survivors (30720K)
 Metaspace       used 35669K, committed 36096K, reserved 1081344K
  class space    used 4609K, committed 4800K, reserved 1048576K
}
Event: 14.295 GC heap after
{Heap after GC invocations=32 (full 0):
 garbage-first heap   total 477184K, used 140134K [0x00000000c0000000, 0x0000000100000000)
  region size 1024K, 31 young (31744K), 31 survivors (31744K)
 Metaspace       used 35669K, committed 36096K, reserved 1081344K
  class space    used 4609K, committed 4800K, reserved 1048576K
}
Event: 15.300 GC heap before
{Heap before GC invocations=32 (full 0):
 garbage-first heap   total 477184K, used 338790K [0x00000000c0000000, 0x0000000100000000)
  region size 1024K, 225 young (230400K), 31 survivors (31744K)
 Metaspace       used 35669K, committed 36096K, reserved 1081344K
  class space    used 4609K, committed 4800K, reserved 1048576K
}
Event: 15.372 GC heap after
{Heap after GC invocations=33 (full 0):
 garbage-first heap   total 477184K, used 151032K [0x00000000c0000000, 0x0000000100000000)
  region size 1024K, 24 young (24576K), 24 survivors (24576K)
 Metaspace       used 35669K, committed 36096K, reserved 1081344K
  class space    used 4609K, committed 4800K, reserved 1048576K
}
Event: 16.214 GC heap before
{Heap before GC invocations=33 (full 0):
 garbage-first heap   total 477184K, used 393720K [0x00000000c0000000, 0x0000000100000000)
  region size 1024K, 262 young (268288K), 24 survivors (24576K)
 Metaspace       used 35670K, committed 36096K, reserved 1081344K
  class space    used 4609K, committed 4800K, reserved 1048576K
}
Event: 16.470 GC heap after
{Heap after GC invocations=34 (full 0):
 garbage-first heap   total 477184K, used 162419K [0x00000000c0000000, 0x0000000100000000)
  region size 1024K, 20 young (20480K), 20 survivors (20480K)
 Metaspace       used 35670K, committed 36096K, reserved 1081344K
  class space    used 4609K, committed 4800K, reserved 1048576K
}
Event: 17.691 GC heap before
{Heap before GC invocations=34 (full 0):
 garbage-first heap   total 477184K, used 397939K [0x00000000c0000000, 0x0000000100000000)
  region size 1024K, 251 young (257024K), 20 survivors (20480K)
 Metaspace       used 35670K, committed 36096K, reserved 1081344K
  class space    used 4609K, committed 4800K, reserved 1048576K
}
Event: 17.805 GC heap after
{Heap after GC invocations=35 (full 0):
 garbage-first heap   total 477184K, used 174080K [0x00000000c0000000, 0x0000000100000000)
  region size 1024K, 22 young (22528K), 22 survivors (22528K)
 Metaspace       used 35670K, committed 36096K, reserved 1081344K
  class space    used 4609K, committed 4800K, reserved 1048576K
}
Event: 20.049 GC heap before
{Heap before GC invocations=35 (full 0):
 garbage-first heap   total 477184K, used 399360K [0x00000000c0000000, 0x0000000100000000)
  region size 1024K, 243 young (248832K), 22 survivors (22528K)
 Metaspace       used 35670K, committed 36096K, reserved 1081344K
  class space    used 4609K, committed 4800K, reserved 1048576K
}

