# JRE version: OpenJDK Runtime Environment (17.0.6+10) (build 17.0.6+10-LTS)
# Java VM: OpenJDK 64-Bit Server VM (17.0.6+10-LTS, mixed mode, sharing, tiered, compressed oops, compressed class ptrs, g1 gc, windows-amd64)
GC Precious Log:
 CPUs: 4 total, 4 available
 Memory: 3718M
 Large Page Support: Disabled
 NUMA Support: Disabled
 Compressed Oops: Enabled (32-bit)
 Heap Region Size: 1M
 Heap Min Capacity: 8M
 Heap Initial Capacity: 60M
 Heap Max Capacity: 930M
 Pre-touch: Disabled
 Parallel Workers: 4
 Concurrent Workers: 1
 Concurrent Refinement Workers: 4
 Periodic GC: Disabled
Heap:
 garbage-first heap   total 81920K, used 42012K [0x00000000c5e00000, 0x0000000100000000)
  region size 1024K, 16 young (16384K), 1 survivors (1024K)
 Metaspace       used 32738K, committed 33088K, reserved 1081344K
  class space    used 3740K, committed 3904K, reserved 1048576K
GC Heap History (20 events):
Event: 19.121 GC heap before
{Heap before GC invocations=10 (full 0):
 garbage-first heap   total 61440K, used 50853K [0x00000000c5e00000, 0x0000000100000000)
  region size 1024K, 32 young (32768K), 2 survivors (2048K)
 Metaspace       used 28624K, committed 28928K, reserved 1081344K
  class space    used 3313K, committed 3456K, reserved 1048576K
}
Event: 19.143 GC heap after
{Heap after GC invocations=11 (full 0):
 garbage-first heap   total 76800K, used 28510K [0x00000000c5e00000, 0x0000000100000000)
  region size 1024K, 4 young (4096K), 4 survivors (4096K)
 Metaspace       used 28624K, committed 28928K, reserved 1081344K
  class space    used 3313K, committed 3456K, reserved 1048576K
}
Event: 21.566 GC heap before
{Heap before GC invocations=11 (full 0):
 garbage-first heap   total 76800K, used 52062K [0x00000000c5e00000, 0x0000000100000000)
  region size 1024K, 28 young (28672K), 4 survivors (4096K)
 Metaspace       used 30264K, committed 30528K, reserved 1081344K
  class space    used 3520K, committed 3648K, reserved 1048576K
}
Event: 21.585 GC heap after
{Heap after GC invocations=12 (full 0):
 garbage-first heap   total 76800K, used 29197K [0x00000000c5e00000, 0x0000000100000000)
  region size 1024K, 4 young (4096K), 4 survivors (4096K)
 Metaspace       used 30264K, committed 30528K, reserved 1081344K
  class space    used 3520K, committed 3648K, reserved 1048576K
}
Event: 23.359 GC heap before
{Heap before GC invocations=12 (full 0):
 garbage-first heap   total 76800K, used 56845K [0x00000000c5e00000, 0x0000000100000000)
  region size 1024K, 29 young (29696K), 4 survivors (4096K)
 Metaspace       used 30322K, committed 30592K, reserved 1081344K
  class space    used 3520K, committed 3648K, reserved 1048576K
}
Event: 23.377 GC heap after
{Heap after GC invocations=13 (full 0):
 garbage-first heap   total 76800K, used 39847K [0x00000000c5e00000, 0x0000000100000000)
  region size 1024K, 4 young (4096K), 4 survivors (4096K)
 Metaspace       used 30322K, committed 30592K, reserved 1081344K
  class space    used 3520K, committed 3648K, reserved 1048576K
}
Event: 24.619 GC heap before
{Heap before GC invocations=13 (full 0):
 garbage-first heap   total 76800K, used 55207K [0x00000000c5e00000, 0x0000000100000000)
  region size 1024K, 19 young (19456K), 4 survivors (4096K)
 Metaspace       used 30344K, committed 30592K, reserved 1081344K
  class space    used 3520K, committed 3648K, reserved 1048576K
}
Event: 24.631 GC heap after
{Heap after GC invocations=14 (full 0):
 garbage-first heap   total 76800K, used 45221K [0x00000000c5e00000, 0x0000000100000000)
  region size 1024K, 3 young (3072K), 3 survivors (3072K)
 Metaspace       used 30344K, committed 30592K, reserved 1081344K
  class space    used 3520K, committed 3648K, reserved 1048576K
}
Event: 25.684 GC heap before
{Heap before GC invocations=15 (full 0):
 garbage-first heap   total 81920K, used 57509K [0x00000000c5e00000, 0x0000000100000000)
  region size 1024K, 15 young (15360K), 3 survivors (3072K)
 Metaspace       used 30374K, committed 30656K, reserved 1081344K
  class space    used 3521K, committed 3648K, reserved 1048576K
}
Event: 25.691 GC heap after
{Heap after GC invocations=16 (full 0):
 garbage-first heap   total 81920K, used 44675K [0x00000000c5e00000, 0x0000000100000000)
  region size 1024K, 2 young (2048K), 2 survivors (2048K)
 Metaspace       used 30374K, committed 30656K, reserved 1081344K
  class space    used 3521K, committed 3648K, reserved 1048576K
}
Event: 25.781 GC heap before
{Heap before GC invocations=16 (full 0):
 garbage-first heap   total 81920K, used 46723K [0x00000000c5e00000, 0x0000000100000000)
  region size 1024K, 4 young (4096K), 2 survivors (2048K)
 Metaspace       used 30396K, committed 30656K, reserved 1081344K
  class space    used 3521K, committed 3648K, reserved 1048576K
}
Event: 25.794 GC heap after
{Heap after GC invocations=17 (full 0):
 garbage-first heap   total 81920K, used 39576K [0x00000000c5e00000, 0x0000000100000000)
  region size 1024K, 1 young (1024K), 1 survivors (1024K)
 Metaspace       used 30396K, committed 30656K, reserved 1081344K
  class space    used 3521K, committed 3648K, reserved 1048576K
}
Event: 28.171 GC heap before
{Heap before GC invocations=17 (full 0):
 garbage-first heap   total 81920K, used 59032K [0x00000000c5e00000, 0x0000000100000000)
  region size 1024K, 20 young (20480K), 1 survivors (1024K)
 Metaspace       used 30702K, committed 30976K, reserved 1081344K
  class space    used 3530K, committed 3648K, reserved 1048576K
}
Event: 28.175 GC heap after
{Heap after GC invocations=18 (full 0):
 garbage-first heap   total 81920K, used 40145K [0x00000000c5e00000, 0x0000000100000000)
  region size 1024K, 1 young (1024K), 1 survivors (1024K)
 Metaspace       used 30702K, committed 30976K, reserved 1081344K
  class space    used 3530K, committed 3648K, reserved 1048576K
}
Event: 29.129 GC heap before
{Heap before GC invocations=19 (full 0):
 garbage-first heap   total 81920K, used 57553K [0x00000000c5e00000, 0x0000000100000000)
  region size 1024K, 21 young (21504K), 1 survivors (1024K)
 Metaspace       used 31599K, committed 31936K, reserved 1081344K
  class space    used 3622K, committed 3776K, reserved 1048576K
}
Event: 29.135 GC heap after
{Heap after GC invocations=20 (full 0):
 garbage-first heap   total 81920K, used 37871K [0x00000000c5e00000, 0x0000000100000000)
  region size 1024K, 2 young (2048K), 2 survivors (2048K)
 Metaspace       used 31599K, committed 31936K, reserved 1081344K
  class space    used 3622K, committed 3776K, reserved 1048576K
}
Event: 29.159 GC heap before
{Heap before GC invocations=20 (full 0):
 garbage-first heap   total 81920K, used 39919K [0x00000000c5e00000, 0x0000000100000000)
  region size 1024K, 4 young (4096K), 2 survivors (2048K)
 Metaspace       used 31604K, committed 31936K, reserved 1081344K
  class space    used 3622K, committed 3776K, reserved 1048576K
}
Event: 29.167 GC heap after
{Heap after GC invocations=21 (full 0):
 garbage-first heap   total 81920K, used 29819K [0x00000000c5e00000, 0x0000000100000000)
  region size 1024K, 1 young (1024K), 1 survivors (1024K)
 Metaspace       used 31604K, committed 31936K, reserved 1081344K
  class space    used 3622K, committed 3776K, reserved 1048576K
}
Event: 29.248 GC heap before
{Heap before GC invocations=21 (full 0):
 garbage-first heap   total 81920K, used 32891K [0x00000000c5e00000, 0x0000000100000000)
  region size 1024K, 4 young (4096K), 1 survivors (1024K)
 Metaspace       used 31614K, committed 31936K, reserved 1081344K
  class space    used 3623K, committed 3776K, reserved 1048576K
}
Event: 29.253 GC heap after
{Heap after GC invocations=22 (full 0):
 garbage-first heap   total 81920K, used 27676K [0x00000000c5e00000, 0x0000000100000000)
  region size 1024K, 1 young (1024K), 1 survivors (1024K)
 Metaspace       used 31614K, committed 31936K, reserved 1081344K
  class space    used 3623K, committed 3776K, reserved 1048576K
}

