# JRE version: OpenJDK Runtime Environment Temurin-17.0.5+8 (17.0.5+8) (build 17.0.5+8)
# Java VM: OpenJDK 64-Bit Server VM Temurin-17.0.5+8 (17.0.5+8, mixed mode, emulated-client, tiered, compressed oops, compressed class ptrs, g1 gc, windows-amd64)
GC Precious Log:
 CPUs: 4 total, 4 available
 Memory: 3718M
 Large Page Support: Disabled
 NUMA Support: Disabled
 Compressed Oops: Enabled (32-bit)
 Heap Region Size: 1M
 Heap Min Capacity: 8M
 Heap Initial Capacity: 60M
 Heap Max Capacity: 1G
 Pre-touch: Disabled
 Parallel Workers: 4
 Concurrent Workers: 1
 Concurrent Refinement Workers: 4
 Periodic GC: Disabled
Heap:
 garbage-first heap   total 423936K, used 352526K [0x00000000c0000000, 0x0000000100000000)
  region size 1024K, 151 young (154624K), 16 survivors (16384K)
 Metaspace       used 35693K, committed 36096K, reserved 1081344K
  class space    used 4611K, committed 4800K, reserved 1048576K
GC Heap History (20 events):
Event: 20.631 GC heap before
{Heap before GC invocations=38 (full 0):
 garbage-first heap   total 423936K, used 348155K [0x00000000c0000000, 0x0000000100000000)
  region size 1024K, 223 young (228352K), 15 survivors (15360K)
 Metaspace       used 35668K, committed 36096K, reserved 1081344K
  class space    used 4608K, committed 4800K, reserved 1048576K
}
Event: 20.653 GC heap after
{Heap after GC invocations=39 (full 0):
 garbage-first heap   total 423936K, used 145821K [0x00000000c0000000, 0x0000000100000000)
  region size 1024K, 24 young (24576K), 24 survivors (24576K)
 Metaspace       used 35668K, committed 36096K, reserved 1081344K
  class space    used 4608K, committed 4800K, reserved 1048576K
}
Event: 21.268 GC heap before
{Heap before GC invocations=39 (full 0):
 garbage-first heap   total 423936K, used 351645K [0x00000000c0000000, 0x0000000100000000)
  region size 1024K, 226 young (231424K), 24 survivors (24576K)
 Metaspace       used 35668K, committed 36096K, reserved 1081344K
  class space    used 4608K, committed 4800K, reserved 1048576K
}
Event: 21.301 GC heap after
{Heap after GC invocations=40 (full 0):
 garbage-first heap   total 423936K, used 154517K [0x00000000c0000000, 0x0000000100000000)
  region size 1024K, 19 young (19456K), 19 survivors (19456K)
 Metaspace       used 35668K, committed 36096K, reserved 1081344K
  class space    used 4608K, committed 4800K, reserved 1048576K
}
Event: 22.034 GC heap before
{Heap before GC invocations=40 (full 0):
 garbage-first heap   total 423936K, used 353173K [0x00000000c0000000, 0x0000000100000000)
  region size 1024K, 214 young (219136K), 19 survivors (19456K)
 Metaspace       used 35668K, committed 36096K, reserved 1081344K
  class space    used 4608K, committed 4800K, reserved 1048576K
}
Event: 22.072 GC heap after
{Heap after GC invocations=41 (full 0):
 garbage-first heap   total 423936K, used 165685K [0x00000000c0000000, 0x0000000100000000)
  region size 1024K, 20 young (20480K), 20 survivors (20480K)
 Metaspace       used 35668K, committed 36096K, reserved 1081344K
  class space    used 4608K, committed 4800K, reserved 1048576K
}
Event: 22.726 GC heap before
{Heap before GC invocations=41 (full 0):
 garbage-first heap   total 423936K, used 355125K [0x00000000c0000000, 0x0000000100000000)
  region size 1024K, 206 young (210944K), 20 survivors (20480K)
 Metaspace       used 35668K, committed 36096K, reserved 1081344K
  class space    used 4608K, committed 4800K, reserved 1048576K
}
Event: 22.827 GC heap after
{Heap after GC invocations=42 (full 0):
 garbage-first heap   total 423936K, used 173895K [0x00000000c0000000, 0x0000000100000000)
  region size 1024K, 18 young (18432K), 18 survivors (18432K)
 Metaspace       used 35668K, committed 36096K, reserved 1081344K
  class space    used 4608K, committed 4800K, reserved 1048576K
}
Event: 24.215 GC heap before
{Heap before GC invocations=43 (full 0):
 garbage-first heap   total 423936K, used 357191K [0x00000000c0000000, 0x0000000100000000)
  region size 1024K, 198 young (202752K), 18 survivors (18432K)
 Metaspace       used 35668K, committed 36096K, reserved 1081344K
  class space    used 4608K, committed 4800K, reserved 1048576K
}
Event: 24.503 GC heap after
{Heap after GC invocations=44 (full 0):
 garbage-first heap   total 423936K, used 184646K [0x00000000c0000000, 0x0000000100000000)
  region size 1024K, 19 young (19456K), 19 survivors (19456K)
 Metaspace       used 35668K, committed 36096K, reserved 1081344K
  class space    used 4608K, committed 4800K, reserved 1048576K
}
Event: 24.611 GC heap before
{Heap before GC invocations=44 (full 0):
 garbage-first heap   total 423936K, used 184646K [0x00000000c0000000, 0x0000000100000000)
  region size 1024K, 20 young (20480K), 19 survivors (19456K)
 Metaspace       used 35668K, committed 36096K, reserved 1081344K
  class space    used 4608K, committed 4800K, reserved 1048576K
}
Event: 24.785 GC heap after
{Heap after GC invocations=45 (full 0):
 garbage-first heap   total 423936K, used 184290K [0x00000000c0000000, 0x0000000100000000)
  region size 1024K, 2 young (2048K), 2 survivors (2048K)
 Metaspace       used 35668K, committed 36096K, reserved 1081344K
  class space    used 4608K, committed 4800K, reserved 1048576K
}
Event: 26.394 GC heap before
{Heap before GC invocations=45 (full 0):
 garbage-first heap   total 423936K, used 357346K [0x00000000c0000000, 0x0000000100000000)
  region size 1024K, 172 young (176128K), 2 survivors (2048K)
 Metaspace       used 35668K, committed 36096K, reserved 1081344K
  class space    used 4608K, committed 4800K, reserved 1048576K
}
Event: 26.429 GC heap after
{Heap after GC invocations=46 (full 0):
 garbage-first heap   total 423936K, used 191319K [0x00000000c0000000, 0x0000000100000000)
  region size 1024K, 9 young (9216K), 9 survivors (9216K)
 Metaspace       used 35668K, committed 36096K, reserved 1081344K
  class space    used 4608K, committed 4800K, reserved 1048576K
}
Event: 27.246 GC heap before
{Heap before GC invocations=46 (full 0):
 garbage-first heap   total 423936K, used 358231K [0x00000000c0000000, 0x0000000100000000)
  region size 1024K, 173 young (177152K), 9 survivors (9216K)
 Metaspace       used 35668K, committed 36096K, reserved 1081344K
  class space    used 4608K, committed 4800K, reserved 1048576K
}
Event: 27.265 GC heap after
{Heap after GC invocations=47 (full 0):
 garbage-first heap   total 423936K, used 200357K [0x00000000c0000000, 0x0000000100000000)
  region size 1024K, 18 young (18432K), 18 survivors (18432K)
 Metaspace       used 35668K, committed 36096K, reserved 1081344K
  class space    used 4608K, committed 4800K, reserved 1048576K
}
Event: 27.975 GC heap before
{Heap before GC invocations=47 (full 0):
 garbage-first heap   total 423936K, used 361125K [0x00000000c0000000, 0x0000000100000000)
  region size 1024K, 174 young (178176K), 18 survivors (18432K)
 Metaspace       used 35668K, committed 36096K, reserved 1081344K
  class space    used 4608K, committed 4800K, reserved 1048576K
}
Event: 28.007 GC heap after
{Heap after GC invocations=48 (full 0):
 garbage-first heap   total 423936K, used 211258K [0x00000000c0000000, 0x0000000100000000)
  region size 1024K, 18 young (18432K), 18 survivors (18432K)
 Metaspace       used 35668K, committed 36096K, reserved 1081344K
  class space    used 4608K, committed 4800K, reserved 1048576K
}
Event: 28.634 GC heap before
{Heap before GC invocations=48 (full 0):
 garbage-first heap   total 423936K, used 359738K [0x00000000c0000000, 0x0000000100000000)
  region size 1024K, 164 young (167936K), 18 survivors (18432K)
 Metaspace       used 35668K, committed 36096K, reserved 1081344K
  class space    used 4608K, committed 4800K, reserved 1048576K
}
Event: 28.672 GC heap after
{Heap after GC invocations=49 (full 0):
 garbage-first heap   total 423936K, used 218382K [0x00000000c0000000, 0x0000000100000000)
  region size 1024K, 16 young (16384K), 16 survivors (16384K)
 Metaspace       used 35668K, committed 36096K, reserved 1081344K
  class space    used 4608K, committed 4800K, reserved 1048576K
}

