# JRE version: OpenJDK Runtime Environment (17.0.6+10) (build 17.0.6+10-LTS)
# Java VM: OpenJDK 64-Bit Server VM (17.0.6+10-LTS, mixed mode, sharing, tiered, compressed oops, compressed class ptrs, g1 gc, windows-amd64)
GC Precious Log:
 CPUs: 4 total, 4 available
 Memory: 3718M
 Large Page Support: Disabled
 NUMA Support: Disabled
 Compressed Oops: Enabled (32-bit)
 Heap Region Size: 1M
 Heap Min Capacity: 8M
 Heap Initial Capacity: 60M
 Heap Max Capacity: 930M
 Pre-touch: Disabled
 Parallel Workers: 4
 Concurrent Workers: 1
 Concurrent Refinement Workers: 4
 Periodic GC: Disabled
Heap:
 garbage-first heap   total 70656K, used 42251K [0x00000000c5e00000, 0x0000000100000000)
  region size 1024K, 19 young (19456K), 5 survivors (5120K)
 Metaspace       used 29072K, committed 29376K, reserved 1081344K
  class space    used 3369K, committed 3520K, reserved 1048576K
GC Heap History (18 events):
Event: 1.295 GC heap before
{Heap before GC invocations=0 (full 0):
 garbage-first heap   total 61440K, used 12288K [0x00000000c5e00000, 0x0000000100000000)
  region size 1024K, 13 young (13312K), 0 survivors (0K)
 Metaspace       used 3497K, committed 3648K, reserved 1056768K
  class space    used 364K, committed 448K, reserved 1048576K
}
Event: 1.331 GC heap after
{Heap after GC invocations=1 (full 0):
 garbage-first heap   total 61440K, used 3515K [0x00000000c5e00000, 0x0000000100000000)
  region size 1024K, 2 young (2048K), 2 survivors (2048K)
 Metaspace       used 3497K, committed 3648K, reserved 1056768K
  class space    used 364K, committed 448K, reserved 1048576K
}
Event: 1.946 GC heap before
{Heap before GC invocations=1 (full 0):
 garbage-first heap   total 61440K, used 14779K [0x00000000c5e00000, 0x0000000100000000)
  region size 1024K, 13 young (13312K), 2 survivors (2048K)
 Metaspace       used 5898K, committed 6144K, reserved 1056768K
  class space    used 692K, committed 832K, reserved 1048576K
}
Event: 1.952 GC heap after
{Heap after GC invocations=2 (full 0):
 garbage-first heap   total 61440K, used 4183K [0x00000000c5e00000, 0x0000000100000000)
  region size 1024K, 1 young (1024K), 1 survivors (1024K)
 Metaspace       used 5898K, committed 6144K, reserved 1056768K
  class space    used 692K, committed 832K, reserved 1048576K
}
Event: 3.153 GC heap before
{Heap before GC invocations=2 (full 0):
 garbage-first heap   total 61440K, used 27735K [0x00000000c5e00000, 0x0000000100000000)
  region size 1024K, 24 young (24576K), 1 survivors (1024K)
 Metaspace       used 9091K, committed 9280K, reserved 1064960K
  class space    used 1086K, committed 1216K, reserved 1048576K
}
Event: 3.164 GC heap after
{Heap after GC invocations=3 (full 0):
 garbage-first heap   total 61440K, used 5164K [0x00000000c5e00000, 0x0000000100000000)
  region size 1024K, 2 young (2048K), 2 survivors (2048K)
 Metaspace       used 9091K, committed 9280K, reserved 1064960K
  class space    used 1086K, committed 1216K, reserved 1048576K
}
Event: 5.343 GC heap before
{Heap before GC invocations=3 (full 0):
 garbage-first heap   total 61440K, used 39980K [0x00000000c5e00000, 0x0000000100000000)
  region size 1024K, 36 young (36864K), 2 survivors (2048K)
 Metaspace       used 16586K, committed 16832K, reserved 1064960K
  class space    used 2039K, committed 2176K, reserved 1048576K
}
Event: 5.358 GC heap after
{Heap after GC invocations=4 (full 0):
 garbage-first heap   total 61440K, used 8223K [0x00000000c5e00000, 0x0000000100000000)
  region size 1024K, 5 young (5120K), 5 survivors (5120K)
 Metaspace       used 16586K, committed 16832K, reserved 1064960K
  class space    used 2039K, committed 2176K, reserved 1048576K
}
Event: 6.641 GC heap before
{Heap before GC invocations=4 (full 0):
 garbage-first heap   total 61440K, used 39967K [0x00000000c5e00000, 0x0000000100000000)
  region size 1024K, 36 young (36864K), 5 survivors (5120K)
 Metaspace       used 17916K, committed 18112K, reserved 1064960K
  class space    used 2149K, committed 2240K, reserved 1048576K
}
Event: 6.661 GC heap after
{Heap after GC invocations=5 (full 0):
 garbage-first heap   total 61440K, used 11053K [0x00000000c5e00000, 0x0000000100000000)
  region size 1024K, 3 young (3072K), 3 survivors (3072K)
 Metaspace       used 17916K, committed 18112K, reserved 1064960K
  class space    used 2149K, committed 2240K, reserved 1048576K
}
Event: 7.653 GC heap before
{Heap before GC invocations=5 (full 0):
 garbage-first heap   total 61440K, used 43821K [0x00000000c5e00000, 0x0000000100000000)
  region size 1024K, 35 young (35840K), 3 survivors (3072K)
 Metaspace       used 18848K, committed 19072K, reserved 1073152K
  class space    used 2233K, committed 2368K, reserved 1048576K
}
Event: 7.669 GC heap after
{Heap after GC invocations=6 (full 0):
 garbage-first heap   total 61440K, used 13962K [0x00000000c5e00000, 0x0000000100000000)
  region size 1024K, 3 young (3072K), 3 survivors (3072K)
 Metaspace       used 18848K, committed 19072K, reserved 1073152K
  class space    used 2233K, committed 2368K, reserved 1048576K
}
Event: 8.510 GC heap before
{Heap before GC invocations=6 (full 0):
 garbage-first heap   total 61440K, used 44682K [0x00000000c5e00000, 0x0000000100000000)
  region size 1024K, 33 young (33792K), 3 survivors (3072K)
 Metaspace       used 19255K, committed 19520K, reserved 1073152K
  class space    used 2238K, committed 2368K, reserved 1048576K
}
Event: 8.524 GC heap after
{Heap after GC invocations=7 (full 0):
 garbage-first heap   total 73728K, used 15424K [0x00000000c5e00000, 0x0000000100000000)
  region size 1024K, 2 young (2048K), 2 survivors (2048K)
 Metaspace       used 19255K, committed 19520K, reserved 1073152K
  class space    used 2238K, committed 2368K, reserved 1048576K
}
Event: 10.794 GC heap before
{Heap before GC invocations=7 (full 0):
 garbage-first heap   total 73728K, used 47168K [0x00000000c5e00000, 0x0000000100000000)
  region size 1024K, 34 young (34816K), 2 survivors (2048K)
 Metaspace       used 21233K, committed 21504K, reserved 1073152K
  class space    used 2430K, committed 2560K, reserved 1048576K
}
Event: 10.805 GC heap after
{Heap after GC invocations=8 (full 0):
 garbage-first heap   total 73728K, used 17274K [0x00000000c5e00000, 0x0000000100000000)
  region size 1024K, 4 young (4096K), 4 survivors (4096K)
 Metaspace       used 21233K, committed 21504K, reserved 1073152K
  class space    used 2430K, committed 2560K, reserved 1048576K
}
Event: 13.613 GC heap before
{Heap before GC invocations=9 (full 0):
 garbage-first heap   total 65536K, used 55162K [0x00000000c5e00000, 0x0000000100000000)
  region size 1024K, 38 young (38912K), 4 survivors (4096K)
 Metaspace       used 28555K, committed 28864K, reserved 1081344K
  class space    used 3309K, committed 3456K, reserved 1048576K
}
Event: 13.636 GC heap after
{Heap after GC invocations=10 (full 0):
 garbage-first heap   total 70656K, used 29963K [0x00000000c5e00000, 0x0000000100000000)
  region size 1024K, 5 young (5120K), 5 survivors (5120K)
 Metaspace       used 28555K, committed 28864K, reserved 1081344K
  class space    used 3309K, committed 3456K, reserved 1048576K
}

