# JRE version: OpenJDK Runtime Environment Temurin-17.0.5+8 (17.0.5+8) (build 17.0.5+8)
# Java VM: OpenJDK 64-Bit Server VM Temurin-17.0.5+8 (17.0.5+8, mixed mode, emulated-client, tiered, compressed oops, compressed class ptrs, g1 gc, windows-amd64)
GC Precious Log:
 CPUs: 4 total, 4 available
 Memory: 3718M
 Large Page Support: Disabled
 NUMA Support: Disabled
 Compressed Oops: Enabled (32-bit)
 Heap Region Size: 1M
 Heap Min Capacity: 8M
 Heap Initial Capacity: 60M
 Heap Max Capacity: 1G
 Pre-touch: Disabled
 Parallel Workers: 4
 Concurrent Workers: 1
 Concurrent Refinement Workers: 4
 Periodic GC: Disabled
Heap:
 garbage-first heap   total 221184K, used 89726K [0x00000000c0000000, 0x0000000100000000)
  region size 1024K, 8 young (8192K), 8 survivors (8192K)
 Metaspace       used 35803K, committed 36224K, reserved 1081344K
  class space    used 4641K, committed 4864K, reserved 1048576K
GC Heap History (20 events):
Event: 12.962 GC heap after
{Heap after GC invocations=18 (full 0):
 garbage-first heap   total 130048K, used 65751K [0x00000000c0000000, 0x0000000100000000)
  region size 1024K, 6 young (6144K), 6 survivors (6144K)
 Metaspace       used 35705K, committed 36160K, reserved 1081344K
  class space    used 4628K, committed 4864K, reserved 1048576K
}
Event: 13.056 GC heap before
{Heap before GC invocations=18 (full 0):
 garbage-first heap   total 130048K, used 91351K [0x00000000c0000000, 0x0000000100000000)
  region size 1024K, 32 young (32768K), 6 survivors (6144K)
 Metaspace       used 35729K, committed 36160K, reserved 1081344K
  class space    used 4635K, committed 4864K, reserved 1048576K
}
Event: 13.066 GC heap after
{Heap after GC invocations=19 (full 0):
 garbage-first heap   total 130048K, used 67741K [0x00000000c0000000, 0x0000000100000000)
  region size 1024K, 2 young (2048K), 2 survivors (2048K)
 Metaspace       used 35729K, committed 36160K, reserved 1081344K
  class space    used 4635K, committed 4864K, reserved 1048576K
}
Event: 13.149 GC heap before
{Heap before GC invocations=19 (full 0):
 garbage-first heap   total 130048K, used 94365K [0x00000000c0000000, 0x0000000100000000)
  region size 1024K, 29 young (29696K), 2 survivors (2048K)
 Metaspace       used 35803K, committed 36224K, reserved 1081344K
  class space    used 4641K, committed 4864K, reserved 1048576K
}
Event: 13.151 GC heap after
{Heap after GC invocations=20 (full 0):
 garbage-first heap   total 130048K, used 68441K [0x00000000c0000000, 0x0000000100000000)
  region size 1024K, 3 young (3072K), 3 survivors (3072K)
 Metaspace       used 35803K, committed 36224K, reserved 1081344K
  class space    used 4641K, committed 4864K, reserved 1048576K
}
Event: 13.210 GC heap before
{Heap before GC invocations=20 (full 0):
 garbage-first heap   total 130048K, used 97113K [0x00000000c0000000, 0x0000000100000000)
  region size 1024K, 32 young (32768K), 3 survivors (3072K)
 Metaspace       used 35803K, committed 36224K, reserved 1081344K
  class space    used 4641K, committed 4864K, reserved 1048576K
}
Event: 13.216 GC heap after
{Heap after GC invocations=21 (full 0):
 garbage-first heap   total 130048K, used 69660K [0x00000000c0000000, 0x0000000100000000)
  region size 1024K, 3 young (3072K), 3 survivors (3072K)
 Metaspace       used 35803K, committed 36224K, reserved 1081344K
  class space    used 4641K, committed 4864K, reserved 1048576K
}
Event: 13.288 GC heap before
{Heap before GC invocations=21 (full 0):
 garbage-first heap   total 130048K, used 98332K [0x00000000c0000000, 0x0000000100000000)
  region size 1024K, 32 young (32768K), 3 survivors (3072K)
 Metaspace       used 35803K, committed 36224K, reserved 1081344K
  class space    used 4641K, committed 4864K, reserved 1048576K
}
Event: 13.295 GC heap after
{Heap after GC invocations=22 (full 0):
 garbage-first heap   total 221184K, used 71013K [0x00000000c0000000, 0x0000000100000000)
  region size 1024K, 3 young (3072K), 3 survivors (3072K)
 Metaspace       used 35803K, committed 36224K, reserved 1081344K
  class space    used 4641K, committed 4864K, reserved 1048576K
}
Event: 14.094 GC heap before
{Heap before GC invocations=23 (full 0):
 garbage-first heap   total 221184K, used 167269K [0x00000000c0000000, 0x0000000100000000)
  region size 1024K, 99 young (101376K), 3 survivors (3072K)
 Metaspace       used 35803K, committed 36224K, reserved 1081344K
  class space    used 4641K, committed 4864K, reserved 1048576K
}
Event: 14.120 GC heap after
{Heap after GC invocations=24 (full 0):
 garbage-first heap   total 221184K, used 73989K [0x00000000c0000000, 0x0000000100000000)
  region size 1024K, 7 young (7168K), 7 survivors (7168K)
 Metaspace       used 35803K, committed 36224K, reserved 1081344K
  class space    used 4641K, committed 4864K, reserved 1048576K
}
Event: 14.156 GC heap before
{Heap before GC invocations=24 (full 0):
 garbage-first heap   total 221184K, used 76037K [0x00000000c0000000, 0x0000000100000000)
  region size 1024K, 10 young (10240K), 7 survivors (7168K)
 Metaspace       used 35803K, committed 36224K, reserved 1081344K
  class space    used 4641K, committed 4864K, reserved 1048576K
}
Event: 14.175 GC heap after
{Heap after GC invocations=25 (full 0):
 garbage-first heap   total 221184K, used 74077K [0x00000000c0000000, 0x0000000100000000)
  region size 1024K, 1 young (1024K), 1 survivors (1024K)
 Metaspace       used 35803K, committed 36224K, reserved 1081344K
  class space    used 4641K, committed 4864K, reserved 1048576K
}
Event: 14.593 GC heap before
{Heap before GC invocations=25 (full 0):
 garbage-first heap   total 221184K, used 172381K [0x00000000c0000000, 0x0000000100000000)
  region size 1024K, 98 young (100352K), 1 survivors (1024K)
 Metaspace       used 35803K, committed 36224K, reserved 1081344K
  class space    used 4641K, committed 4864K, reserved 1048576K
}
Event: 14.597 GC heap after
{Heap after GC invocations=26 (full 0):
 garbage-first heap   total 221184K, used 77006K [0x00000000c0000000, 0x0000000100000000)
  region size 1024K, 4 young (4096K), 4 survivors (4096K)
 Metaspace       used 35803K, committed 36224K, reserved 1081344K
  class space    used 4641K, committed 4864K, reserved 1048576K
}
Event: 14.825 GC heap before
{Heap before GC invocations=26 (full 0):
 garbage-first heap   total 221184K, used 176334K [0x00000000c0000000, 0x0000000100000000)
  region size 1024K, 102 young (104448K), 4 survivors (4096K)
 Metaspace       used 35803K, committed 36224K, reserved 1081344K
  class space    used 4641K, committed 4864K, reserved 1048576K
}
Event: 14.853 GC heap after
{Heap after GC invocations=27 (full 0):
 garbage-first heap   total 221184K, used 81560K [0x00000000c0000000, 0x0000000100000000)
  region size 1024K, 9 young (9216K), 9 survivors (9216K)
 Metaspace       used 35803K, committed 36224K, reserved 1081344K
  class space    used 4641K, committed 4864K, reserved 1048576K
}
Event: 15.055 GC heap before
{Heap before GC invocations=27 (full 0):
 garbage-first heap   total 221184K, used 177816K [0x00000000c0000000, 0x0000000100000000)
  region size 1024K, 105 young (107520K), 9 survivors (9216K)
 Metaspace       used 35803K, committed 36224K, reserved 1081344K
  class space    used 4641K, committed 4864K, reserved 1048576K
}
Event: 15.080 GC heap after
{Heap after GC invocations=28 (full 0):
 garbage-first heap   total 221184K, used 85364K [0x00000000c0000000, 0x0000000100000000)
  region size 1024K, 9 young (9216K), 9 survivors (9216K)
 Metaspace       used 35803K, committed 36224K, reserved 1081344K
  class space    used 4641K, committed 4864K, reserved 1048576K
}
Event: 15.257 GC heap before
{Heap before GC invocations=28 (full 0):
 garbage-first heap   total 221184K, used 180596K [0x00000000c0000000, 0x0000000100000000)
  region size 1024K, 103 young (105472K), 9 survivors (9216K)
 Metaspace       used 35803K, committed 36224K, reserved 1081344K
  class space    used 4641K, committed 4864K, reserved 1048576K
}

